<?xml version="1.0" encoding="UTF-8"?>
<testsuite name="org.bedu.java.backend.sesion3.CalculadoraTest" tests="1000" skipped="0" failures="0" errors="0" timestamp="2023-10-18T00:03:57" hostname="WINDOW" time="2.252">
  <properties/>
  <testcase name="multiplicando: 0" classname="org.bedu.java.backend.sesion3.CalculadoraTest" time="0.014"/>
  <testcase name="multiplicando: 1" classname="org.bedu.java.backend.sesion3.CalculadoraTest" time="0.001"/>
  <testcase name="multiplicando: 2" classname="org.bedu.java.backend.sesion3.CalculadoraTest" time="0.0"/>
  <testcase name="multiplicando: 3" classname="org.bedu.java.backend.sesion3.CalculadoraTest" time="0.001"/>
  <testcase name="multiplicando: 4" classname="org.bedu.java.backend.sesion3.CalculadoraTest" time="0.001"/>
  <testcase name="multiplicando: 5" classname="org.bedu.java.backend.sesion3.CalculadoraTest" time="0.001"/>
  <testcase name="multiplicando: 6" classname="org.bedu.java.backend.sesion3.CalculadoraTest" time="0.001"/>
  <testcase name="multiplicando: 7" classname="org.bedu.java.backend.sesion3.CalculadoraTest" time="0.001"/>
  <testcase name="multiplicando: 8" classname="org.bedu.java.backend.sesion3.CalculadoraTest" time="0.003"/>
  <testcase name="multiplicando: 9" classname="org.bedu.java.backend.sesion3.CalculadoraTest" time="0.001"/>
  <testcase name="multiplicando: 10" classname="org.bedu.java.backend.sesion3.CalculadoraTest" time="0.001"/>
  <testcase name="multiplicando: 11" classname="org.bedu.java.backend.sesion3.CalculadoraTest" time="0.0"/>
  <testcase name="multiplicando: 12" classname="org.bedu.java.backend.sesion3.CalculadoraTest" time="0.001"/>
  <testcase name="multiplicando: 13" classname="org.bedu.java.backend.sesion3.CalculadoraTest" time="0.001"/>
  <testcase name="multiplicando: 14" classname="org.bedu.java.backend.sesion3.CalculadoraTest" time="0.0"/>
  <testcase name="multiplicando: 15" classname="org.bedu.java.backend.sesion3.CalculadoraTest" time="0.001"/>
  <testcase name="multiplicando: 16" classname="org.bedu.java.backend.sesion3.CalculadoraTest" time="0.002"/>
  <testcase name="multiplicando: 17" classname="org.bedu.java.backend.sesion3.CalculadoraTest" time="0.001"/>
  <testcase name="multiplicando: 18" classname="org.bedu.java.backend.sesion3.CalculadoraTest" time="0.001"/>
  <testcase name="multiplicando: 19" classname="org.bedu.java.backend.sesion3.CalculadoraTest" time="0.0"/>
  <testcase name="multiplicando: 20" classname="org.bedu.java.backend.sesion3.CalculadoraTest" time="0.001"/>
  <testcase name="multiplicando: 21" classname="org.bedu.java.backend.sesion3.CalculadoraTest" time="0.001"/>
  <testcase name="multiplicando: 22" classname="org.bedu.java.backend.sesion3.CalculadoraTest" time="0.001"/>
  <testcase name="multiplicando: 23" classname="org.bedu.java.backend.sesion3.CalculadoraTest" time="0.002"/>
  <testcase name="multiplicando: 24" classname="org.bedu.java.backend.sesion3.CalculadoraTest" time="0.001"/>
  <testcase name="multiplicando: 25" classname="org.bedu.java.backend.sesion3.CalculadoraTest" time="0.0"/>
  <testcase name="multiplicando: 26" classname="org.bedu.java.backend.sesion3.CalculadoraTest" time="0.002"/>
  <testcase name="multiplicando: 27" classname="org.bedu.java.backend.sesion3.CalculadoraTest" time="0.0"/>
  <testcase name="multiplicando: 28" classname="org.bedu.java.backend.sesion3.CalculadoraTest" time="0.0"/>
  <testcase name="multiplicando: 29" classname="org.bedu.java.backend.sesion3.CalculadoraTest" time="0.001"/>
  <testcase name="multiplicando: 30" classname="org.bedu.java.backend.sesion3.CalculadoraTest" time="0.0"/>
  <testcase name="multiplicando: 31" classname="org.bedu.java.backend.sesion3.CalculadoraTest" time="0.001"/>
  <testcase name="multiplicando: 32" classname="org.bedu.java.backend.sesion3.CalculadoraTest" time="0.001"/>
  <testcase name="multiplicando: 33" classname="org.bedu.java.backend.sesion3.CalculadoraTest" time="0.001"/>
  <testcase name="multiplicando: 34" classname="org.bedu.java.backend.sesion3.CalculadoraTest" time="0.005"/>
  <testcase name="multiplicando: 35" classname="org.bedu.java.backend.sesion3.CalculadoraTest" time="0.001"/>
  <testcase name="multiplicando: 36" classname="org.bedu.java.backend.sesion3.CalculadoraTest" time="0.001"/>
  <testcase name="multiplicando: 37" classname="org.bedu.java.backend.sesion3.CalculadoraTest" time="0.0"/>
  <testcase name="multiplicando: 38" classname="org.bedu.java.backend.sesion3.CalculadoraTest" time="0.001"/>
  <testcase name="multiplicando: 39" classname="org.bedu.java.backend.sesion3.CalculadoraTest" time="0.001"/>
  <testcase name="multiplicando: 40" classname="org.bedu.java.backend.sesion3.CalculadoraTest" time="0.001"/>
  <testcase name="multiplicando: 41" classname="org.bedu.java.backend.sesion3.CalculadoraTest" time="0.0"/>
  <testcase name="multiplicando: 42" classname="org.bedu.java.backend.sesion3.CalculadoraTest" time="0.001"/>
  <testcase name="multiplicando: 43" classname="org.bedu.java.backend.sesion3.CalculadoraTest" time="0.001"/>
  <testcase name="multiplicando: 44" classname="org.bedu.java.backend.sesion3.CalculadoraTest" time="0.001"/>
  <testcase name="multiplicando: 45" classname="org.bedu.java.backend.sesion3.CalculadoraTest" time="0.0"/>
  <testcase name="multiplicando: 46" classname="org.bedu.java.backend.sesion3.CalculadoraTest" time="0.0"/>
  <testcase name="multiplicando: 47" classname="org.bedu.java.backend.sesion3.CalculadoraTest" time="0.002"/>
  <testcase name="multiplicando: 48" classname="org.bedu.java.backend.sesion3.CalculadoraTest" time="0.0"/>
  <testcase name="multiplicando: 49" classname="org.bedu.java.backend.sesion3.CalculadoraTest" time="0.001"/>
  <testcase name="multiplicando: 50" classname="org.bedu.java.backend.sesion3.CalculadoraTest" time="0.001"/>
  <testcase name="multiplicando: 51" classname="org.bedu.java.backend.sesion3.CalculadoraTest" time="0.001"/>
  <testcase name="multiplicando: 52" classname="org.bedu.java.backend.sesion3.CalculadoraTest" time="0.001"/>
  <testcase name="multiplicando: 53" classname="org.bedu.java.backend.sesion3.CalculadoraTest" time="0.003"/>
  <testcase name="multiplicando: 54" classname="org.bedu.java.backend.sesion3.CalculadoraTest" time="0.001"/>
  <testcase name="multiplicando: 55" classname="org.bedu.java.backend.sesion3.CalculadoraTest" time="0.001"/>
  <testcase name="multiplicando: 56" classname="org.bedu.java.backend.sesion3.CalculadoraTest" time="0.001"/>
  <testcase name="multiplicando: 57" classname="org.bedu.java.backend.sesion3.CalculadoraTest" time="0.0"/>
  <testcase name="multiplicando: 58" classname="org.bedu.java.backend.sesion3.CalculadoraTest" time="0.001"/>
  <testcase name="multiplicando: 59" classname="org.bedu.java.backend.sesion3.CalculadoraTest" time="0.0"/>
  <testcase name="multiplicando: 60" classname="org.bedu.java.backend.sesion3.CalculadoraTest" time="0.0"/>
  <testcase name="multiplicando: 61" classname="org.bedu.java.backend.sesion3.CalculadoraTest" time="0.001"/>
  <testcase name="multiplicando: 62" classname="org.bedu.java.backend.sesion3.CalculadoraTest" time="0.0"/>
  <testcase name="multiplicando: 63" classname="org.bedu.java.backend.sesion3.CalculadoraTest" time="0.0"/>
  <testcase name="multiplicando: 64" classname="org.bedu.java.backend.sesion3.CalculadoraTest" time="0.0"/>
  <testcase name="multiplicando: 65" classname="org.bedu.java.backend.sesion3.CalculadoraTest" time="0.001"/>
  <testcase name="multiplicando: 66" classname="org.bedu.java.backend.sesion3.CalculadoraTest" time="0.0"/>
  <testcase name="multiplicando: 67" classname="org.bedu.java.backend.sesion3.CalculadoraTest" time="0.001"/>
  <testcase name="multiplicando: 68" classname="org.bedu.java.backend.sesion3.CalculadoraTest" time="0.001"/>
  <testcase name="multiplicando: 69" classname="org.bedu.java.backend.sesion3.CalculadoraTest" time="0.001"/>
  <testcase name="multiplicando: 70" classname="org.bedu.java.backend.sesion3.CalculadoraTest" time="0.002"/>
  <testcase name="multiplicando: 71" classname="org.bedu.java.backend.sesion3.CalculadoraTest" time="0.0"/>
  <testcase name="multiplicando: 72" classname="org.bedu.java.backend.sesion3.CalculadoraTest" time="0.002"/>
  <testcase name="multiplicando: 73" classname="org.bedu.java.backend.sesion3.CalculadoraTest" time="0.001"/>
  <testcase name="multiplicando: 74" classname="org.bedu.java.backend.sesion3.CalculadoraTest" time="0.001"/>
  <testcase name="multiplicando: 75" classname="org.bedu.java.backend.sesion3.CalculadoraTest" time="0.001"/>
  <testcase name="multiplicando: 76" classname="org.bedu.java.backend.sesion3.CalculadoraTest" time="0.001"/>
  <testcase name="multiplicando: 77" classname="org.bedu.java.backend.sesion3.CalculadoraTest" time="0.003"/>
  <testcase name="multiplicando: 78" classname="org.bedu.java.backend.sesion3.CalculadoraTest" time="0.001"/>
  <testcase name="multiplicando: 79" classname="org.bedu.java.backend.sesion3.CalculadoraTest" time="0.002"/>
  <testcase name="multiplicando: 80" classname="org.bedu.java.backend.sesion3.CalculadoraTest" time="0.0"/>
  <testcase name="multiplicando: 81" classname="org.bedu.java.backend.sesion3.CalculadoraTest" time="0.0"/>
  <testcase name="multiplicando: 82" classname="org.bedu.java.backend.sesion3.CalculadoraTest" time="0.001"/>
  <testcase name="multiplicando: 83" classname="org.bedu.java.backend.sesion3.CalculadoraTest" time="0.0"/>
  <testcase name="multiplicando: 84" classname="org.bedu.java.backend.sesion3.CalculadoraTest" time="0.0"/>
  <testcase name="multiplicando: 85" classname="org.bedu.java.backend.sesion3.CalculadoraTest" time="0.0"/>
  <testcase name="multiplicando: 86" classname="org.bedu.java.backend.sesion3.CalculadoraTest" time="0.001"/>
  <testcase name="multiplicando: 87" classname="org.bedu.java.backend.sesion3.CalculadoraTest" time="0.0"/>
  <testcase name="multiplicando: 88" classname="org.bedu.java.backend.sesion3.CalculadoraTest" time="0.001"/>
  <testcase name="multiplicando: 89" classname="org.bedu.java.backend.sesion3.CalculadoraTest" time="0.001"/>
  <testcase name="multiplicando: 90" classname="org.bedu.java.backend.sesion3.CalculadoraTest" time="0.0"/>
  <testcase name="multiplicando: 91" classname="org.bedu.java.backend.sesion3.CalculadoraTest" time="0.0"/>
  <testcase name="multiplicando: 92" classname="org.bedu.java.backend.sesion3.CalculadoraTest" time="0.0"/>
  <testcase name="multiplicando: 93" classname="org.bedu.java.backend.sesion3.CalculadoraTest" time="0.001"/>
  <testcase name="multiplicando: 94" classname="org.bedu.java.backend.sesion3.CalculadoraTest" time="0.001"/>
  <testcase name="multiplicando: 95" classname="org.bedu.java.backend.sesion3.CalculadoraTest" time="0.001"/>
  <testcase name="multiplicando: 96" classname="org.bedu.java.backend.sesion3.CalculadoraTest" time="0.001"/>
  <testcase name="multiplicando: 97" classname="org.bedu.java.backend.sesion3.CalculadoraTest" time="0.0"/>
  <testcase name="multiplicando: 98" classname="org.bedu.java.backend.sesion3.CalculadoraTest" time="0.0"/>
  <testcase name="multiplicando: 99" classname="org.bedu.java.backend.sesion3.CalculadoraTest" time="0.0"/>
  <testcase name="multiplicando: 100" classname="org.bedu.java.backend.sesion3.CalculadoraTest" time="0.001"/>
  <testcase name="multiplicando: 101" classname="org.bedu.java.backend.sesion3.CalculadoraTest" time="0.0"/>
  <testcase name="multiplicando: 102" classname="org.bedu.java.backend.sesion3.CalculadoraTest" time="0.001"/>
  <testcase name="multiplicando: 103" classname="org.bedu.java.backend.sesion3.CalculadoraTest" time="0.001"/>
  <testcase name="multiplicando: 104" classname="org.bedu.java.backend.sesion3.CalculadoraTest" time="0.0"/>
  <testcase name="multiplicando: 105" classname="org.bedu.java.backend.sesion3.CalculadoraTest" time="0.001"/>
  <testcase name="multiplicando: 106" classname="org.bedu.java.backend.sesion3.CalculadoraTest" time="0.001"/>
  <testcase name="multiplicando: 107" classname="org.bedu.java.backend.sesion3.CalculadoraTest" time="0.0"/>
  <testcase name="multiplicando: 108" classname="org.bedu.java.backend.sesion3.CalculadoraTest" time="0.001"/>
  <testcase name="multiplicando: 109" classname="org.bedu.java.backend.sesion3.CalculadoraTest" time="0.001"/>
  <testcase name="multiplicando: 110" classname="org.bedu.java.backend.sesion3.CalculadoraTest" time="0.001"/>
  <testcase name="multiplicando: 111" classname="org.bedu.java.backend.sesion3.CalculadoraTest" time="0.0"/>
  <testcase name="multiplicando: 112" classname="org.bedu.java.backend.sesion3.CalculadoraTest" time="0.0"/>
  <testcase name="multiplicando: 113" classname="org.bedu.java.backend.sesion3.CalculadoraTest" time="0.003"/>
  <testcase name="multiplicando: 114" classname="org.bedu.java.backend.sesion3.CalculadoraTest" time="0.0"/>
  <testcase name="multiplicando: 115" classname="org.bedu.java.backend.sesion3.CalculadoraTest" time="0.0"/>
  <testcase name="multiplicando: 116" classname="org.bedu.java.backend.sesion3.CalculadoraTest" time="0.001"/>
  <testcase name="multiplicando: 117" classname="org.bedu.java.backend.sesion3.CalculadoraTest" time="0.003"/>
  <testcase name="multiplicando: 118" classname="org.bedu.java.backend.sesion3.CalculadoraTest" time="0.0"/>
  <testcase name="multiplicando: 119" classname="org.bedu.java.backend.sesion3.CalculadoraTest" time="0.0"/>
  <testcase name="multiplicando: 120" classname="org.bedu.java.backend.sesion3.CalculadoraTest" time="0.001"/>
  <testcase name="multiplicando: 121" classname="org.bedu.java.backend.sesion3.CalculadoraTest" time="0.001"/>
  <testcase name="multiplicando: 122" classname="org.bedu.java.backend.sesion3.CalculadoraTest" time="0.001"/>
  <testcase name="multiplicando: 123" classname="org.bedu.java.backend.sesion3.CalculadoraTest" time="0.0"/>
  <testcase name="multiplicando: 124" classname="org.bedu.java.backend.sesion3.CalculadoraTest" time="0.0"/>
  <testcase name="multiplicando: 125" classname="org.bedu.java.backend.sesion3.CalculadoraTest" time="0.002"/>
  <testcase name="multiplicando: 126" classname="org.bedu.java.backend.sesion3.CalculadoraTest" time="0.0"/>
  <testcase name="multiplicando: 127" classname="org.bedu.java.backend.sesion3.CalculadoraTest" time="0.001"/>
  <testcase name="multiplicando: 128" classname="org.bedu.java.backend.sesion3.CalculadoraTest" time="0.001"/>
  <testcase name="multiplicando: 129" classname="org.bedu.java.backend.sesion3.CalculadoraTest" time="0.0"/>
  <testcase name="multiplicando: 130" classname="org.bedu.java.backend.sesion3.CalculadoraTest" time="0.0"/>
  <testcase name="multiplicando: 131" classname="org.bedu.java.backend.sesion3.CalculadoraTest" time="0.001"/>
  <testcase name="multiplicando: 132" classname="org.bedu.java.backend.sesion3.CalculadoraTest" time="0.001"/>
  <testcase name="multiplicando: 133" classname="org.bedu.java.backend.sesion3.CalculadoraTest" time="0.0"/>
  <testcase name="multiplicando: 134" classname="org.bedu.java.backend.sesion3.CalculadoraTest" time="0.001"/>
  <testcase name="multiplicando: 135" classname="org.bedu.java.backend.sesion3.CalculadoraTest" time="0.001"/>
  <testcase name="multiplicando: 136" classname="org.bedu.java.backend.sesion3.CalculadoraTest" time="0.0"/>
  <testcase name="multiplicando: 137" classname="org.bedu.java.backend.sesion3.CalculadoraTest" time="0.001"/>
  <testcase name="multiplicando: 138" classname="org.bedu.java.backend.sesion3.CalculadoraTest" time="0.0"/>
  <testcase name="multiplicando: 139" classname="org.bedu.java.backend.sesion3.CalculadoraTest" time="0.001"/>
  <testcase name="multiplicando: 140" classname="org.bedu.java.backend.sesion3.CalculadoraTest" time="0.001"/>
  <testcase name="multiplicando: 141" classname="org.bedu.java.backend.sesion3.CalculadoraTest" time="0.001"/>
  <testcase name="multiplicando: 142" classname="org.bedu.java.backend.sesion3.CalculadoraTest" time="0.0"/>
  <testcase name="multiplicando: 143" classname="org.bedu.java.backend.sesion3.CalculadoraTest" time="0.001"/>
  <testcase name="multiplicando: 144" classname="org.bedu.java.backend.sesion3.CalculadoraTest" time="0.0"/>
  <testcase name="multiplicando: 145" classname="org.bedu.java.backend.sesion3.CalculadoraTest" time="0.0"/>
  <testcase name="multiplicando: 146" classname="org.bedu.java.backend.sesion3.CalculadoraTest" time="0.001"/>
  <testcase name="multiplicando: 147" classname="org.bedu.java.backend.sesion3.CalculadoraTest" time="0.001"/>
  <testcase name="multiplicando: 148" classname="org.bedu.java.backend.sesion3.CalculadoraTest" time="0.0"/>
  <testcase name="multiplicando: 149" classname="org.bedu.java.backend.sesion3.CalculadoraTest" time="0.0"/>
  <testcase name="multiplicando: 150" classname="org.bedu.java.backend.sesion3.CalculadoraTest" time="0.0"/>
  <testcase name="multiplicando: 151" classname="org.bedu.java.backend.sesion3.CalculadoraTest" time="0.0"/>
  <testcase name="multiplicando: 152" classname="org.bedu.java.backend.sesion3.CalculadoraTest" time="0.001"/>
  <testcase name="multiplicando: 153" classname="org.bedu.java.backend.sesion3.CalculadoraTest" time="0.001"/>
  <testcase name="multiplicando: 154" classname="org.bedu.java.backend.sesion3.CalculadoraTest" time="0.003"/>
  <testcase name="multiplicando: 155" classname="org.bedu.java.backend.sesion3.CalculadoraTest" time="0.0"/>
  <testcase name="multiplicando: 156" classname="org.bedu.java.backend.sesion3.CalculadoraTest" time="0.0"/>
  <testcase name="multiplicando: 157" classname="org.bedu.java.backend.sesion3.CalculadoraTest" time="0.001"/>
  <testcase name="multiplicando: 158" classname="org.bedu.java.backend.sesion3.CalculadoraTest" time="0.001"/>
  <testcase name="multiplicando: 159" classname="org.bedu.java.backend.sesion3.CalculadoraTest" time="0.001"/>
  <testcase name="multiplicando: 160" classname="org.bedu.java.backend.sesion3.CalculadoraTest" time="0.0"/>
  <testcase name="multiplicando: 161" classname="org.bedu.java.backend.sesion3.CalculadoraTest" time="0.0"/>
  <testcase name="multiplicando: 162" classname="org.bedu.java.backend.sesion3.CalculadoraTest" time="0.001"/>
  <testcase name="multiplicando: 163" classname="org.bedu.java.backend.sesion3.CalculadoraTest" time="0.001"/>
  <testcase name="multiplicando: 164" classname="org.bedu.java.backend.sesion3.CalculadoraTest" time="0.001"/>
  <testcase name="multiplicando: 165" classname="org.bedu.java.backend.sesion3.CalculadoraTest" time="0.0"/>
  <testcase name="multiplicando: 166" classname="org.bedu.java.backend.sesion3.CalculadoraTest" time="0.001"/>
  <testcase name="multiplicando: 167" classname="org.bedu.java.backend.sesion3.CalculadoraTest" time="0.002"/>
  <testcase name="multiplicando: 168" classname="org.bedu.java.backend.sesion3.CalculadoraTest" time="0.001"/>
  <testcase name="multiplicando: 169" classname="org.bedu.java.backend.sesion3.CalculadoraTest" time="0.001"/>
  <testcase name="multiplicando: 170" classname="org.bedu.java.backend.sesion3.CalculadoraTest" time="0.0"/>
  <testcase name="multiplicando: 171" classname="org.bedu.java.backend.sesion3.CalculadoraTest" time="0.001"/>
  <testcase name="multiplicando: 172" classname="org.bedu.java.backend.sesion3.CalculadoraTest" time="0.0"/>
  <testcase name="multiplicando: 173" classname="org.bedu.java.backend.sesion3.CalculadoraTest" time="0.001"/>
  <testcase name="multiplicando: 174" classname="org.bedu.java.backend.sesion3.CalculadoraTest" time="0.001"/>
  <testcase name="multiplicando: 175" classname="org.bedu.java.backend.sesion3.CalculadoraTest" time="0.0"/>
  <testcase name="multiplicando: 176" classname="org.bedu.java.backend.sesion3.CalculadoraTest" time="0.001"/>
  <testcase name="multiplicando: 177" classname="org.bedu.java.backend.sesion3.CalculadoraTest" time="0.001"/>
  <testcase name="multiplicando: 178" classname="org.bedu.java.backend.sesion3.CalculadoraTest" time="0.0"/>
  <testcase name="multiplicando: 179" classname="org.bedu.java.backend.sesion3.CalculadoraTest" time="0.001"/>
  <testcase name="multiplicando: 180" classname="org.bedu.java.backend.sesion3.CalculadoraTest" time="0.001"/>
  <testcase name="multiplicando: 181" classname="org.bedu.java.backend.sesion3.CalculadoraTest" time="0.002"/>
  <testcase name="multiplicando: 182" classname="org.bedu.java.backend.sesion3.CalculadoraTest" time="0.001"/>
  <testcase name="multiplicando: 183" classname="org.bedu.java.backend.sesion3.CalculadoraTest" time="0.001"/>
  <testcase name="multiplicando: 184" classname="org.bedu.java.backend.sesion3.CalculadoraTest" time="0.001"/>
  <testcase name="multiplicando: 185" classname="org.bedu.java.backend.sesion3.CalculadoraTest" time="0.0"/>
  <testcase name="multiplicando: 186" classname="org.bedu.java.backend.sesion3.CalculadoraTest" time="0.011"/>
  <testcase name="multiplicando: 187" classname="org.bedu.java.backend.sesion3.CalculadoraTest" time="0.001"/>
  <testcase name="multiplicando: 188" classname="org.bedu.java.backend.sesion3.CalculadoraTest" time="0.001"/>
  <testcase name="multiplicando: 189" classname="org.bedu.java.backend.sesion3.CalculadoraTest" time="0.0"/>
  <testcase name="multiplicando: 190" classname="org.bedu.java.backend.sesion3.CalculadoraTest" time="0.0"/>
  <testcase name="multiplicando: 191" classname="org.bedu.java.backend.sesion3.CalculadoraTest" time="0.001"/>
  <testcase name="multiplicando: 192" classname="org.bedu.java.backend.sesion3.CalculadoraTest" time="0.0"/>
  <testcase name="multiplicando: 193" classname="org.bedu.java.backend.sesion3.CalculadoraTest" time="0.0"/>
  <testcase name="multiplicando: 194" classname="org.bedu.java.backend.sesion3.CalculadoraTest" time="0.002"/>
  <testcase name="multiplicando: 195" classname="org.bedu.java.backend.sesion3.CalculadoraTest" time="0.002"/>
  <testcase name="multiplicando: 196" classname="org.bedu.java.backend.sesion3.CalculadoraTest" time="0.001"/>
  <testcase name="multiplicando: 197" classname="org.bedu.java.backend.sesion3.CalculadoraTest" time="0.001"/>
  <testcase name="multiplicando: 198" classname="org.bedu.java.backend.sesion3.CalculadoraTest" time="0.003"/>
  <testcase name="multiplicando: 199" classname="org.bedu.java.backend.sesion3.CalculadoraTest" time="0.001"/>
  <testcase name="multiplicando: 200" classname="org.bedu.java.backend.sesion3.CalculadoraTest" time="0.003"/>
  <testcase name="multiplicando: 201" classname="org.bedu.java.backend.sesion3.CalculadoraTest" time="0.001"/>
  <testcase name="multiplicando: 202" classname="org.bedu.java.backend.sesion3.CalculadoraTest" time="0.003"/>
  <testcase name="multiplicando: 203" classname="org.bedu.java.backend.sesion3.CalculadoraTest" time="0.001"/>
  <testcase name="multiplicando: 204" classname="org.bedu.java.backend.sesion3.CalculadoraTest" time="0.001"/>
  <testcase name="multiplicando: 205" classname="org.bedu.java.backend.sesion3.CalculadoraTest" time="0.0"/>
  <testcase name="multiplicando: 206" classname="org.bedu.java.backend.sesion3.CalculadoraTest" time="0.001"/>
  <testcase name="multiplicando: 207" classname="org.bedu.java.backend.sesion3.CalculadoraTest" time="0.001"/>
  <testcase name="multiplicando: 208" classname="org.bedu.java.backend.sesion3.CalculadoraTest" time="0.001"/>
  <testcase name="multiplicando: 209" classname="org.bedu.java.backend.sesion3.CalculadoraTest" time="0.001"/>
  <testcase name="multiplicando: 210" classname="org.bedu.java.backend.sesion3.CalculadoraTest" time="0.003"/>
  <testcase name="multiplicando: 211" classname="org.bedu.java.backend.sesion3.CalculadoraTest" time="0.001"/>
  <testcase name="multiplicando: 212" classname="org.bedu.java.backend.sesion3.CalculadoraTest" time="0.003"/>
  <testcase name="multiplicando: 213" classname="org.bedu.java.backend.sesion3.CalculadoraTest" time="0.001"/>
  <testcase name="multiplicando: 214" classname="org.bedu.java.backend.sesion3.CalculadoraTest" time="0.004"/>
  <testcase name="multiplicando: 215" classname="org.bedu.java.backend.sesion3.CalculadoraTest" time="0.001"/>
  <testcase name="multiplicando: 216" classname="org.bedu.java.backend.sesion3.CalculadoraTest" time="0.002"/>
  <testcase name="multiplicando: 217" classname="org.bedu.java.backend.sesion3.CalculadoraTest" time="0.001"/>
  <testcase name="multiplicando: 218" classname="org.bedu.java.backend.sesion3.CalculadoraTest" time="0.001"/>
  <testcase name="multiplicando: 219" classname="org.bedu.java.backend.sesion3.CalculadoraTest" time="0.001"/>
  <testcase name="multiplicando: 220" classname="org.bedu.java.backend.sesion3.CalculadoraTest" time="0.002"/>
  <testcase name="multiplicando: 221" classname="org.bedu.java.backend.sesion3.CalculadoraTest" time="0.001"/>
  <testcase name="multiplicando: 222" classname="org.bedu.java.backend.sesion3.CalculadoraTest" time="0.001"/>
  <testcase name="multiplicando: 223" classname="org.bedu.java.backend.sesion3.CalculadoraTest" time="0.002"/>
  <testcase name="multiplicando: 224" classname="org.bedu.java.backend.sesion3.CalculadoraTest" time="0.0"/>
  <testcase name="multiplicando: 225" classname="org.bedu.java.backend.sesion3.CalculadoraTest" time="0.001"/>
  <testcase name="multiplicando: 226" classname="org.bedu.java.backend.sesion3.CalculadoraTest" time="0.002"/>
  <testcase name="multiplicando: 227" classname="org.bedu.java.backend.sesion3.CalculadoraTest" time="0.003"/>
  <testcase name="multiplicando: 228" classname="org.bedu.java.backend.sesion3.CalculadoraTest" time="0.001"/>
  <testcase name="multiplicando: 229" classname="org.bedu.java.backend.sesion3.CalculadoraTest" time="0.0"/>
  <testcase name="multiplicando: 230" classname="org.bedu.java.backend.sesion3.CalculadoraTest" time="0.006"/>
  <testcase name="multiplicando: 231" classname="org.bedu.java.backend.sesion3.CalculadoraTest" time="0.001"/>
  <testcase name="multiplicando: 232" classname="org.bedu.java.backend.sesion3.CalculadoraTest" time="0.004"/>
  <testcase name="multiplicando: 233" classname="org.bedu.java.backend.sesion3.CalculadoraTest" time="0.001"/>
  <testcase name="multiplicando: 234" classname="org.bedu.java.backend.sesion3.CalculadoraTest" time="0.001"/>
  <testcase name="multiplicando: 235" classname="org.bedu.java.backend.sesion3.CalculadoraTest" time="0.001"/>
  <testcase name="multiplicando: 236" classname="org.bedu.java.backend.sesion3.CalculadoraTest" time="0.001"/>
  <testcase name="multiplicando: 237" classname="org.bedu.java.backend.sesion3.CalculadoraTest" time="0.001"/>
  <testcase name="multiplicando: 238" classname="org.bedu.java.backend.sesion3.CalculadoraTest" time="0.001"/>
  <testcase name="multiplicando: 239" classname="org.bedu.java.backend.sesion3.CalculadoraTest" time="0.0"/>
  <testcase name="multiplicando: 240" classname="org.bedu.java.backend.sesion3.CalculadoraTest" time="0.001"/>
  <testcase name="multiplicando: 241" classname="org.bedu.java.backend.sesion3.CalculadoraTest" time="0.001"/>
  <testcase name="multiplicando: 242" classname="org.bedu.java.backend.sesion3.CalculadoraTest" time="0.0"/>
  <testcase name="multiplicando: 243" classname="org.bedu.java.backend.sesion3.CalculadoraTest" time="0.002"/>
  <testcase name="multiplicando: 244" classname="org.bedu.java.backend.sesion3.CalculadoraTest" time="0.001"/>
  <testcase name="multiplicando: 245" classname="org.bedu.java.backend.sesion3.CalculadoraTest" time="0.0"/>
  <testcase name="multiplicando: 246" classname="org.bedu.java.backend.sesion3.CalculadoraTest" time="0.001"/>
  <testcase name="multiplicando: 247" classname="org.bedu.java.backend.sesion3.CalculadoraTest" time="0.0"/>
  <testcase name="multiplicando: 248" classname="org.bedu.java.backend.sesion3.CalculadoraTest" time="0.001"/>
  <testcase name="multiplicando: 249" classname="org.bedu.java.backend.sesion3.CalculadoraTest" time="0.0"/>
  <testcase name="multiplicando: 250" classname="org.bedu.java.backend.sesion3.CalculadoraTest" time="0.002"/>
  <testcase name="multiplicando: 251" classname="org.bedu.java.backend.sesion3.CalculadoraTest" time="0.001"/>
  <testcase name="multiplicando: 252" classname="org.bedu.java.backend.sesion3.CalculadoraTest" time="0.0"/>
  <testcase name="multiplicando: 253" classname="org.bedu.java.backend.sesion3.CalculadoraTest" time="0.0"/>
  <testcase name="multiplicando: 254" classname="org.bedu.java.backend.sesion3.CalculadoraTest" time="0.0"/>
  <testcase name="multiplicando: 255" classname="org.bedu.java.backend.sesion3.CalculadoraTest" time="0.001"/>
  <testcase name="multiplicando: 256" classname="org.bedu.java.backend.sesion3.CalculadoraTest" time="0.001"/>
  <testcase name="multiplicando: 257" classname="org.bedu.java.backend.sesion3.CalculadoraTest" time="0.0"/>
  <testcase name="multiplicando: 258" classname="org.bedu.java.backend.sesion3.CalculadoraTest" time="0.0"/>
  <testcase name="multiplicando: 259" classname="org.bedu.java.backend.sesion3.CalculadoraTest" time="0.002"/>
  <testcase name="multiplicando: 260" classname="org.bedu.java.backend.sesion3.CalculadoraTest" time="0.0"/>
  <testcase name="multiplicando: 261" classname="org.bedu.java.backend.sesion3.CalculadoraTest" time="0.0"/>
  <testcase name="multiplicando: 262" classname="org.bedu.java.backend.sesion3.CalculadoraTest" time="0.0"/>
  <testcase name="multiplicando: 263" classname="org.bedu.java.backend.sesion3.CalculadoraTest" time="0.001"/>
  <testcase name="multiplicando: 264" classname="org.bedu.java.backend.sesion3.CalculadoraTest" time="0.001"/>
  <testcase name="multiplicando: 265" classname="org.bedu.java.backend.sesion3.CalculadoraTest" time="0.001"/>
  <testcase name="multiplicando: 266" classname="org.bedu.java.backend.sesion3.CalculadoraTest" time="0.001"/>
  <testcase name="multiplicando: 267" classname="org.bedu.java.backend.sesion3.CalculadoraTest" time="0.001"/>
  <testcase name="multiplicando: 268" classname="org.bedu.java.backend.sesion3.CalculadoraTest" time="0.001"/>
  <testcase name="multiplicando: 269" classname="org.bedu.java.backend.sesion3.CalculadoraTest" time="0.0"/>
  <testcase name="multiplicando: 270" classname="org.bedu.java.backend.sesion3.CalculadoraTest" time="0.0"/>
  <testcase name="multiplicando: 271" classname="org.bedu.java.backend.sesion3.CalculadoraTest" time="0.0"/>
  <testcase name="multiplicando: 272" classname="org.bedu.java.backend.sesion3.CalculadoraTest" time="0.001"/>
  <testcase name="multiplicando: 273" classname="org.bedu.java.backend.sesion3.CalculadoraTest" time="0.001"/>
  <testcase name="multiplicando: 274" classname="org.bedu.java.backend.sesion3.CalculadoraTest" time="0.001"/>
  <testcase name="multiplicando: 275" classname="org.bedu.java.backend.sesion3.CalculadoraTest" time="0.0"/>
  <testcase name="multiplicando: 276" classname="org.bedu.java.backend.sesion3.CalculadoraTest" time="0.0"/>
  <testcase name="multiplicando: 277" classname="org.bedu.java.backend.sesion3.CalculadoraTest" time="0.0"/>
  <testcase name="multiplicando: 278" classname="org.bedu.java.backend.sesion3.CalculadoraTest" time="0.0"/>
  <testcase name="multiplicando: 279" classname="org.bedu.java.backend.sesion3.CalculadoraTest" time="0.002"/>
  <testcase name="multiplicando: 280" classname="org.bedu.java.backend.sesion3.CalculadoraTest" time="0.001"/>
  <testcase name="multiplicando: 281" classname="org.bedu.java.backend.sesion3.CalculadoraTest" time="0.0"/>
  <testcase name="multiplicando: 282" classname="org.bedu.java.backend.sesion3.CalculadoraTest" time="0.002"/>
  <testcase name="multiplicando: 283" classname="org.bedu.java.backend.sesion3.CalculadoraTest" time="0.002"/>
  <testcase name="multiplicando: 284" classname="org.bedu.java.backend.sesion3.CalculadoraTest" time="0.0"/>
  <testcase name="multiplicando: 285" classname="org.bedu.java.backend.sesion3.CalculadoraTest" time="0.002"/>
  <testcase name="multiplicando: 286" classname="org.bedu.java.backend.sesion3.CalculadoraTest" time="0.004"/>
  <testcase name="multiplicando: 287" classname="org.bedu.java.backend.sesion3.CalculadoraTest" time="0.001"/>
  <testcase name="multiplicando: 288" classname="org.bedu.java.backend.sesion3.CalculadoraTest" time="0.0"/>
  <testcase name="multiplicando: 289" classname="org.bedu.java.backend.sesion3.CalculadoraTest" time="0.0"/>
  <testcase name="multiplicando: 290" classname="org.bedu.java.backend.sesion3.CalculadoraTest" time="0.001"/>
  <testcase name="multiplicando: 291" classname="org.bedu.java.backend.sesion3.CalculadoraTest" time="0.001"/>
  <testcase name="multiplicando: 292" classname="org.bedu.java.backend.sesion3.CalculadoraTest" time="0.0"/>
  <testcase name="multiplicando: 293" classname="org.bedu.java.backend.sesion3.CalculadoraTest" time="0.0"/>
  <testcase name="multiplicando: 294" classname="org.bedu.java.backend.sesion3.CalculadoraTest" time="0.0"/>
  <testcase name="multiplicando: 295" classname="org.bedu.java.backend.sesion3.CalculadoraTest" time="0.0"/>
  <testcase name="multiplicando: 296" classname="org.bedu.java.backend.sesion3.CalculadoraTest" time="0.0"/>
  <testcase name="multiplicando: 297" classname="org.bedu.java.backend.sesion3.CalculadoraTest" time="0.001"/>
  <testcase name="multiplicando: 298" classname="org.bedu.java.backend.sesion3.CalculadoraTest" time="0.001"/>
  <testcase name="multiplicando: 299" classname="org.bedu.java.backend.sesion3.CalculadoraTest" time="0.0"/>
  <testcase name="multiplicando: 300" classname="org.bedu.java.backend.sesion3.CalculadoraTest" time="0.001"/>
  <testcase name="multiplicando: 301" classname="org.bedu.java.backend.sesion3.CalculadoraTest" time="0.001"/>
  <testcase name="multiplicando: 302" classname="org.bedu.java.backend.sesion3.CalculadoraTest" time="0.001"/>
  <testcase name="multiplicando: 303" classname="org.bedu.java.backend.sesion3.CalculadoraTest" time="0.001"/>
  <testcase name="multiplicando: 304" classname="org.bedu.java.backend.sesion3.CalculadoraTest" time="0.0"/>
  <testcase name="multiplicando: 305" classname="org.bedu.java.backend.sesion3.CalculadoraTest" time="0.0"/>
  <testcase name="multiplicando: 306" classname="org.bedu.java.backend.sesion3.CalculadoraTest" time="0.001"/>
  <testcase name="multiplicando: 307" classname="org.bedu.java.backend.sesion3.CalculadoraTest" time="0.001"/>
  <testcase name="multiplicando: 308" classname="org.bedu.java.backend.sesion3.CalculadoraTest" time="0.001"/>
  <testcase name="multiplicando: 309" classname="org.bedu.java.backend.sesion3.CalculadoraTest" time="0.0"/>
  <testcase name="multiplicando: 310" classname="org.bedu.java.backend.sesion3.CalculadoraTest" time="0.0"/>
  <testcase name="multiplicando: 311" classname="org.bedu.java.backend.sesion3.CalculadoraTest" time="0.0"/>
  <testcase name="multiplicando: 312" classname="org.bedu.java.backend.sesion3.CalculadoraTest" time="0.001"/>
  <testcase name="multiplicando: 313" classname="org.bedu.java.backend.sesion3.CalculadoraTest" time="0.002"/>
  <testcase name="multiplicando: 314" classname="org.bedu.java.backend.sesion3.CalculadoraTest" time="0.0"/>
  <testcase name="multiplicando: 315" classname="org.bedu.java.backend.sesion3.CalculadoraTest" time="0.001"/>
  <testcase name="multiplicando: 316" classname="org.bedu.java.backend.sesion3.CalculadoraTest" time="0.001"/>
  <testcase name="multiplicando: 317" classname="org.bedu.java.backend.sesion3.CalculadoraTest" time="0.001"/>
  <testcase name="multiplicando: 318" classname="org.bedu.java.backend.sesion3.CalculadoraTest" time="0.001"/>
  <testcase name="multiplicando: 319" classname="org.bedu.java.backend.sesion3.CalculadoraTest" time="0.001"/>
  <testcase name="multiplicando: 320" classname="org.bedu.java.backend.sesion3.CalculadoraTest" time="0.001"/>
  <testcase name="multiplicando: 321" classname="org.bedu.java.backend.sesion3.CalculadoraTest" time="0.001"/>
  <testcase name="multiplicando: 322" classname="org.bedu.java.backend.sesion3.CalculadoraTest" time="0.001"/>
  <testcase name="multiplicando: 323" classname="org.bedu.java.backend.sesion3.CalculadoraTest" time="0.001"/>
  <testcase name="multiplicando: 324" classname="org.bedu.java.backend.sesion3.CalculadoraTest" time="0.001"/>
  <testcase name="multiplicando: 325" classname="org.bedu.java.backend.sesion3.CalculadoraTest" time="0.002"/>
  <testcase name="multiplicando: 326" classname="org.bedu.java.backend.sesion3.CalculadoraTest" time="0.001"/>
  <testcase name="multiplicando: 327" classname="org.bedu.java.backend.sesion3.CalculadoraTest" time="0.0"/>
  <testcase name="multiplicando: 328" classname="org.bedu.java.backend.sesion3.CalculadoraTest" time="0.001"/>
  <testcase name="multiplicando: 329" classname="org.bedu.java.backend.sesion3.CalculadoraTest" time="0.001"/>
  <testcase name="multiplicando: 330" classname="org.bedu.java.backend.sesion3.CalculadoraTest" time="0.01"/>
  <testcase name="multiplicando: 331" classname="org.bedu.java.backend.sesion3.CalculadoraTest" time="0.001"/>
  <testcase name="multiplicando: 332" classname="org.bedu.java.backend.sesion3.CalculadoraTest" time="0.001"/>
  <testcase name="multiplicando: 333" classname="org.bedu.java.backend.sesion3.CalculadoraTest" time="0.001"/>
  <testcase name="multiplicando: 334" classname="org.bedu.java.backend.sesion3.CalculadoraTest" time="0.0"/>
  <testcase name="multiplicando: 335" classname="org.bedu.java.backend.sesion3.CalculadoraTest" time="0.001"/>
  <testcase name="multiplicando: 336" classname="org.bedu.java.backend.sesion3.CalculadoraTest" time="0.002"/>
  <testcase name="multiplicando: 337" classname="org.bedu.java.backend.sesion3.CalculadoraTest" time="0.0"/>
  <testcase name="multiplicando: 338" classname="org.bedu.java.backend.sesion3.CalculadoraTest" time="0.001"/>
  <testcase name="multiplicando: 339" classname="org.bedu.java.backend.sesion3.CalculadoraTest" time="0.001"/>
  <testcase name="multiplicando: 340" classname="org.bedu.java.backend.sesion3.CalculadoraTest" time="0.003"/>
  <testcase name="multiplicando: 341" classname="org.bedu.java.backend.sesion3.CalculadoraTest" time="0.0"/>
  <testcase name="multiplicando: 342" classname="org.bedu.java.backend.sesion3.CalculadoraTest" time="0.001"/>
  <testcase name="multiplicando: 343" classname="org.bedu.java.backend.sesion3.CalculadoraTest" time="0.001"/>
  <testcase name="multiplicando: 344" classname="org.bedu.java.backend.sesion3.CalculadoraTest" time="0.001"/>
  <testcase name="multiplicando: 345" classname="org.bedu.java.backend.sesion3.CalculadoraTest" time="0.0"/>
  <testcase name="multiplicando: 346" classname="org.bedu.java.backend.sesion3.CalculadoraTest" time="0.001"/>
  <testcase name="multiplicando: 347" classname="org.bedu.java.backend.sesion3.CalculadoraTest" time="0.0"/>
  <testcase name="multiplicando: 348" classname="org.bedu.java.backend.sesion3.CalculadoraTest" time="0.0"/>
  <testcase name="multiplicando: 349" classname="org.bedu.java.backend.sesion3.CalculadoraTest" time="0.002"/>
  <testcase name="multiplicando: 350" classname="org.bedu.java.backend.sesion3.CalculadoraTest" time="0.002"/>
  <testcase name="multiplicando: 351" classname="org.bedu.java.backend.sesion3.CalculadoraTest" time="0.0"/>
  <testcase name="multiplicando: 352" classname="org.bedu.java.backend.sesion3.CalculadoraTest" time="0.001"/>
  <testcase name="multiplicando: 353" classname="org.bedu.java.backend.sesion3.CalculadoraTest" time="0.001"/>
  <testcase name="multiplicando: 354" classname="org.bedu.java.backend.sesion3.CalculadoraTest" time="0.001"/>
  <testcase name="multiplicando: 355" classname="org.bedu.java.backend.sesion3.CalculadoraTest" time="0.001"/>
  <testcase name="multiplicando: 356" classname="org.bedu.java.backend.sesion3.CalculadoraTest" time="0.001"/>
  <testcase name="multiplicando: 357" classname="org.bedu.java.backend.sesion3.CalculadoraTest" time="0.001"/>
  <testcase name="multiplicando: 358" classname="org.bedu.java.backend.sesion3.CalculadoraTest" time="0.0"/>
  <testcase name="multiplicando: 359" classname="org.bedu.java.backend.sesion3.CalculadoraTest" time="0.001"/>
  <testcase name="multiplicando: 360" classname="org.bedu.java.backend.sesion3.CalculadoraTest" time="0.0"/>
  <testcase name="multiplicando: 361" classname="org.bedu.java.backend.sesion3.CalculadoraTest" time="0.001"/>
  <testcase name="multiplicando: 362" classname="org.bedu.java.backend.sesion3.CalculadoraTest" time="0.001"/>
  <testcase name="multiplicando: 363" classname="org.bedu.java.backend.sesion3.CalculadoraTest" time="0.001"/>
  <testcase name="multiplicando: 364" classname="org.bedu.java.backend.sesion3.CalculadoraTest" time="0.001"/>
  <testcase name="multiplicando: 365" classname="org.bedu.java.backend.sesion3.CalculadoraTest" time="0.0"/>
  <testcase name="multiplicando: 366" classname="org.bedu.java.backend.sesion3.CalculadoraTest" time="0.0"/>
  <testcase name="multiplicando: 367" classname="org.bedu.java.backend.sesion3.CalculadoraTest" time="0.0"/>
  <testcase name="multiplicando: 368" classname="org.bedu.java.backend.sesion3.CalculadoraTest" time="0.0"/>
  <testcase name="multiplicando: 369" classname="org.bedu.java.backend.sesion3.CalculadoraTest" time="0.0"/>
  <testcase name="multiplicando: 370" classname="org.bedu.java.backend.sesion3.CalculadoraTest" time="0.0"/>
  <testcase name="multiplicando: 371" classname="org.bedu.java.backend.sesion3.CalculadoraTest" time="0.001"/>
  <testcase name="multiplicando: 372" classname="org.bedu.java.backend.sesion3.CalculadoraTest" time="0.001"/>
  <testcase name="multiplicando: 373" classname="org.bedu.java.backend.sesion3.CalculadoraTest" time="0.001"/>
  <testcase name="multiplicando: 374" classname="org.bedu.java.backend.sesion3.CalculadoraTest" time="0.001"/>
  <testcase name="multiplicando: 375" classname="org.bedu.java.backend.sesion3.CalculadoraTest" time="0.001"/>
  <testcase name="multiplicando: 376" classname="org.bedu.java.backend.sesion3.CalculadoraTest" time="0.001"/>
  <testcase name="multiplicando: 377" classname="org.bedu.java.backend.sesion3.CalculadoraTest" time="0.0"/>
  <testcase name="multiplicando: 378" classname="org.bedu.java.backend.sesion3.CalculadoraTest" time="0.0"/>
  <testcase name="multiplicando: 379" classname="org.bedu.java.backend.sesion3.CalculadoraTest" time="0.001"/>
  <testcase name="multiplicando: 380" classname="org.bedu.java.backend.sesion3.CalculadoraTest" time="0.0"/>
  <testcase name="multiplicando: 381" classname="org.bedu.java.backend.sesion3.CalculadoraTest" time="0.0"/>
  <testcase name="multiplicando: 382" classname="org.bedu.java.backend.sesion3.CalculadoraTest" time="0.0"/>
  <testcase name="multiplicando: 383" classname="org.bedu.java.backend.sesion3.CalculadoraTest" time="0.0"/>
  <testcase name="multiplicando: 384" classname="org.bedu.java.backend.sesion3.CalculadoraTest" time="0.002"/>
  <testcase name="multiplicando: 385" classname="org.bedu.java.backend.sesion3.CalculadoraTest" time="0.001"/>
  <testcase name="multiplicando: 386" classname="org.bedu.java.backend.sesion3.CalculadoraTest" time="0.0"/>
  <testcase name="multiplicando: 387" classname="org.bedu.java.backend.sesion3.CalculadoraTest" time="0.0"/>
  <testcase name="multiplicando: 388" classname="org.bedu.java.backend.sesion3.CalculadoraTest" time="0.0"/>
  <testcase name="multiplicando: 389" classname="org.bedu.java.backend.sesion3.CalculadoraTest" time="0.0"/>
  <testcase name="multiplicando: 390" classname="org.bedu.java.backend.sesion3.CalculadoraTest" time="0.0"/>
  <testcase name="multiplicando: 391" classname="org.bedu.java.backend.sesion3.CalculadoraTest" time="0.001"/>
  <testcase name="multiplicando: 392" classname="org.bedu.java.backend.sesion3.CalculadoraTest" time="0.001"/>
  <testcase name="multiplicando: 393" classname="org.bedu.java.backend.sesion3.CalculadoraTest" time="0.001"/>
  <testcase name="multiplicando: 394" classname="org.bedu.java.backend.sesion3.CalculadoraTest" time="0.001"/>
  <testcase name="multiplicando: 395" classname="org.bedu.java.backend.sesion3.CalculadoraTest" time="0.0"/>
  <testcase name="multiplicando: 396" classname="org.bedu.java.backend.sesion3.CalculadoraTest" time="0.001"/>
  <testcase name="multiplicando: 397" classname="org.bedu.java.backend.sesion3.CalculadoraTest" time="0.001"/>
  <testcase name="multiplicando: 398" classname="org.bedu.java.backend.sesion3.CalculadoraTest" time="0.002"/>
  <testcase name="multiplicando: 399" classname="org.bedu.java.backend.sesion3.CalculadoraTest" time="0.0"/>
  <testcase name="multiplicando: 400" classname="org.bedu.java.backend.sesion3.CalculadoraTest" time="0.001"/>
  <testcase name="multiplicando: 401" classname="org.bedu.java.backend.sesion3.CalculadoraTest" time="0.004"/>
  <testcase name="multiplicando: 402" classname="org.bedu.java.backend.sesion3.CalculadoraTest" time="0.001"/>
  <testcase name="multiplicando: 403" classname="org.bedu.java.backend.sesion3.CalculadoraTest" time="0.001"/>
  <testcase name="multiplicando: 404" classname="org.bedu.java.backend.sesion3.CalculadoraTest" time="0.001"/>
  <testcase name="multiplicando: 405" classname="org.bedu.java.backend.sesion3.CalculadoraTest" time="0.001"/>
  <testcase name="multiplicando: 406" classname="org.bedu.java.backend.sesion3.CalculadoraTest" time="0.002"/>
  <testcase name="multiplicando: 407" classname="org.bedu.java.backend.sesion3.CalculadoraTest" time="0.0"/>
  <testcase name="multiplicando: 408" classname="org.bedu.java.backend.sesion3.CalculadoraTest" time="0.0"/>
  <testcase name="multiplicando: 409" classname="org.bedu.java.backend.sesion3.CalculadoraTest" time="0.0"/>
  <testcase name="multiplicando: 410" classname="org.bedu.java.backend.sesion3.CalculadoraTest" time="0.001"/>
  <testcase name="multiplicando: 411" classname="org.bedu.java.backend.sesion3.CalculadoraTest" time="0.0"/>
  <testcase name="multiplicando: 412" classname="org.bedu.java.backend.sesion3.CalculadoraTest" time="0.0"/>
  <testcase name="multiplicando: 413" classname="org.bedu.java.backend.sesion3.CalculadoraTest" time="0.0"/>
  <testcase name="multiplicando: 414" classname="org.bedu.java.backend.sesion3.CalculadoraTest" time="0.002"/>
  <testcase name="multiplicando: 415" classname="org.bedu.java.backend.sesion3.CalculadoraTest" time="0.003"/>
  <testcase name="multiplicando: 416" classname="org.bedu.java.backend.sesion3.CalculadoraTest" time="0.0"/>
  <testcase name="multiplicando: 417" classname="org.bedu.java.backend.sesion3.CalculadoraTest" time="0.001"/>
  <testcase name="multiplicando: 418" classname="org.bedu.java.backend.sesion3.CalculadoraTest" time="0.0"/>
  <testcase name="multiplicando: 419" classname="org.bedu.java.backend.sesion3.CalculadoraTest" time="0.0"/>
  <testcase name="multiplicando: 420" classname="org.bedu.java.backend.sesion3.CalculadoraTest" time="0.0"/>
  <testcase name="multiplicando: 421" classname="org.bedu.java.backend.sesion3.CalculadoraTest" time="0.0"/>
  <testcase name="multiplicando: 422" classname="org.bedu.java.backend.sesion3.CalculadoraTest" time="0.0"/>
  <testcase name="multiplicando: 423" classname="org.bedu.java.backend.sesion3.CalculadoraTest" time="0.0"/>
  <testcase name="multiplicando: 424" classname="org.bedu.java.backend.sesion3.CalculadoraTest" time="0.0"/>
  <testcase name="multiplicando: 425" classname="org.bedu.java.backend.sesion3.CalculadoraTest" time="0.001"/>
  <testcase name="multiplicando: 426" classname="org.bedu.java.backend.sesion3.CalculadoraTest" time="0.001"/>
  <testcase name="multiplicando: 427" classname="org.bedu.java.backend.sesion3.CalculadoraTest" time="0.0"/>
  <testcase name="multiplicando: 428" classname="org.bedu.java.backend.sesion3.CalculadoraTest" time="0.001"/>
  <testcase name="multiplicando: 429" classname="org.bedu.java.backend.sesion3.CalculadoraTest" time="0.0"/>
  <testcase name="multiplicando: 430" classname="org.bedu.java.backend.sesion3.CalculadoraTest" time="0.0"/>
  <testcase name="multiplicando: 431" classname="org.bedu.java.backend.sesion3.CalculadoraTest" time="0.0"/>
  <testcase name="multiplicando: 432" classname="org.bedu.java.backend.sesion3.CalculadoraTest" time="0.0"/>
  <testcase name="multiplicando: 433" classname="org.bedu.java.backend.sesion3.CalculadoraTest" time="0.0"/>
  <testcase name="multiplicando: 434" classname="org.bedu.java.backend.sesion3.CalculadoraTest" time="0.001"/>
  <testcase name="multiplicando: 435" classname="org.bedu.java.backend.sesion3.CalculadoraTest" time="0.001"/>
  <testcase name="multiplicando: 436" classname="org.bedu.java.backend.sesion3.CalculadoraTest" time="0.0"/>
  <testcase name="multiplicando: 437" classname="org.bedu.java.backend.sesion3.CalculadoraTest" time="0.0"/>
  <testcase name="multiplicando: 438" classname="org.bedu.java.backend.sesion3.CalculadoraTest" time="0.0"/>
  <testcase name="multiplicando: 439" classname="org.bedu.java.backend.sesion3.CalculadoraTest" time="0.0"/>
  <testcase name="multiplicando: 440" classname="org.bedu.java.backend.sesion3.CalculadoraTest" time="0.0"/>
  <testcase name="multiplicando: 441" classname="org.bedu.java.backend.sesion3.CalculadoraTest" time="0.001"/>
  <testcase name="multiplicando: 442" classname="org.bedu.java.backend.sesion3.CalculadoraTest" time="0.0"/>
  <testcase name="multiplicando: 443" classname="org.bedu.java.backend.sesion3.CalculadoraTest" time="0.001"/>
  <testcase name="multiplicando: 444" classname="org.bedu.java.backend.sesion3.CalculadoraTest" time="0.0"/>
  <testcase name="multiplicando: 445" classname="org.bedu.java.backend.sesion3.CalculadoraTest" time="0.0"/>
  <testcase name="multiplicando: 446" classname="org.bedu.java.backend.sesion3.CalculadoraTest" time="0.0"/>
  <testcase name="multiplicando: 447" classname="org.bedu.java.backend.sesion3.CalculadoraTest" time="0.0"/>
  <testcase name="multiplicando: 448" classname="org.bedu.java.backend.sesion3.CalculadoraTest" time="0.001"/>
  <testcase name="multiplicando: 449" classname="org.bedu.java.backend.sesion3.CalculadoraTest" time="0.0"/>
  <testcase name="multiplicando: 450" classname="org.bedu.java.backend.sesion3.CalculadoraTest" time="0.001"/>
  <testcase name="multiplicando: 451" classname="org.bedu.java.backend.sesion3.CalculadoraTest" time="0.001"/>
  <testcase name="multiplicando: 452" classname="org.bedu.java.backend.sesion3.CalculadoraTest" time="0.001"/>
  <testcase name="multiplicando: 453" classname="org.bedu.java.backend.sesion3.CalculadoraTest" time="0.0"/>
  <testcase name="multiplicando: 454" classname="org.bedu.java.backend.sesion3.CalculadoraTest" time="0.001"/>
  <testcase name="multiplicando: 455" classname="org.bedu.java.backend.sesion3.CalculadoraTest" time="0.0"/>
  <testcase name="multiplicando: 456" classname="org.bedu.java.backend.sesion3.CalculadoraTest" time="0.0"/>
  <testcase name="multiplicando: 457" classname="org.bedu.java.backend.sesion3.CalculadoraTest" time="0.001"/>
  <testcase name="multiplicando: 458" classname="org.bedu.java.backend.sesion3.CalculadoraTest" time="0.0"/>
  <testcase name="multiplicando: 459" classname="org.bedu.java.backend.sesion3.CalculadoraTest" time="0.0"/>
  <testcase name="multiplicando: 460" classname="org.bedu.java.backend.sesion3.CalculadoraTest" time="0.001"/>
  <testcase name="multiplicando: 461" classname="org.bedu.java.backend.sesion3.CalculadoraTest" time="0.001"/>
  <testcase name="multiplicando: 462" classname="org.bedu.java.backend.sesion3.CalculadoraTest" time="0.0"/>
  <testcase name="multiplicando: 463" classname="org.bedu.java.backend.sesion3.CalculadoraTest" time="0.0"/>
  <testcase name="multiplicando: 464" classname="org.bedu.java.backend.sesion3.CalculadoraTest" time="0.0"/>
  <testcase name="multiplicando: 465" classname="org.bedu.java.backend.sesion3.CalculadoraTest" time="0.0"/>
  <testcase name="multiplicando: 466" classname="org.bedu.java.backend.sesion3.CalculadoraTest" time="0.0"/>
  <testcase name="multiplicando: 467" classname="org.bedu.java.backend.sesion3.CalculadoraTest" time="0.0"/>
  <testcase name="multiplicando: 468" classname="org.bedu.java.backend.sesion3.CalculadoraTest" time="0.002"/>
  <testcase name="multiplicando: 469" classname="org.bedu.java.backend.sesion3.CalculadoraTest" time="0.003"/>
  <testcase name="multiplicando: 470" classname="org.bedu.java.backend.sesion3.CalculadoraTest" time="0.002"/>
  <testcase name="multiplicando: 471" classname="org.bedu.java.backend.sesion3.CalculadoraTest" time="0.0"/>
  <testcase name="multiplicando: 472" classname="org.bedu.java.backend.sesion3.CalculadoraTest" time="0.0"/>
  <testcase name="multiplicando: 473" classname="org.bedu.java.backend.sesion3.CalculadoraTest" time="0.0"/>
  <testcase name="multiplicando: 474" classname="org.bedu.java.backend.sesion3.CalculadoraTest" time="0.0"/>
  <testcase name="multiplicando: 475" classname="org.bedu.java.backend.sesion3.CalculadoraTest" time="0.0"/>
  <testcase name="multiplicando: 476" classname="org.bedu.java.backend.sesion3.CalculadoraTest" time="0.001"/>
  <testcase name="multiplicando: 477" classname="org.bedu.java.backend.sesion3.CalculadoraTest" time="0.0"/>
  <testcase name="multiplicando: 478" classname="org.bedu.java.backend.sesion3.CalculadoraTest" time="0.0"/>
  <testcase name="multiplicando: 479" classname="org.bedu.java.backend.sesion3.CalculadoraTest" time="0.001"/>
  <testcase name="multiplicando: 480" classname="org.bedu.java.backend.sesion3.CalculadoraTest" time="0.0"/>
  <testcase name="multiplicando: 481" classname="org.bedu.java.backend.sesion3.CalculadoraTest" time="0.001"/>
  <testcase name="multiplicando: 482" classname="org.bedu.java.backend.sesion3.CalculadoraTest" time="0.0"/>
  <testcase name="multiplicando: 483" classname="org.bedu.java.backend.sesion3.CalculadoraTest" time="0.0"/>
  <testcase name="multiplicando: 484" classname="org.bedu.java.backend.sesion3.CalculadoraTest" time="0.001"/>
  <testcase name="multiplicando: 485" classname="org.bedu.java.backend.sesion3.CalculadoraTest" time="0.001"/>
  <testcase name="multiplicando: 486" classname="org.bedu.java.backend.sesion3.CalculadoraTest" time="0.0"/>
  <testcase name="multiplicando: 487" classname="org.bedu.java.backend.sesion3.CalculadoraTest" time="0.001"/>
  <testcase name="multiplicando: 488" classname="org.bedu.java.backend.sesion3.CalculadoraTest" time="0.001"/>
  <testcase name="multiplicando: 489" classname="org.bedu.java.backend.sesion3.CalculadoraTest" time="0.001"/>
  <testcase name="multiplicando: 490" classname="org.bedu.java.backend.sesion3.CalculadoraTest" time="0.001"/>
  <testcase name="multiplicando: 491" classname="org.bedu.java.backend.sesion3.CalculadoraTest" time="0.0"/>
  <testcase name="multiplicando: 492" classname="org.bedu.java.backend.sesion3.CalculadoraTest" time="0.0"/>
  <testcase name="multiplicando: 493" classname="org.bedu.java.backend.sesion3.CalculadoraTest" time="0.0"/>
  <testcase name="multiplicando: 494" classname="org.bedu.java.backend.sesion3.CalculadoraTest" time="0.001"/>
  <testcase name="multiplicando: 495" classname="org.bedu.java.backend.sesion3.CalculadoraTest" time="0.001"/>
  <testcase name="multiplicando: 496" classname="org.bedu.java.backend.sesion3.CalculadoraTest" time="0.001"/>
  <testcase name="multiplicando: 497" classname="org.bedu.java.backend.sesion3.CalculadoraTest" time="0.001"/>
  <testcase name="multiplicando: 498" classname="org.bedu.java.backend.sesion3.CalculadoraTest" time="0.001"/>
  <testcase name="multiplicando: 499" classname="org.bedu.java.backend.sesion3.CalculadoraTest" time="0.0"/>
  <testcase name="multiplicando: 500" classname="org.bedu.java.backend.sesion3.CalculadoraTest" time="0.0"/>
  <testcase name="multiplicando: 501" classname="org.bedu.java.backend.sesion3.CalculadoraTest" time="0.0"/>
  <testcase name="multiplicando: 502" classname="org.bedu.java.backend.sesion3.CalculadoraTest" time="0.001"/>
  <testcase name="multiplicando: 503" classname="org.bedu.java.backend.sesion3.CalculadoraTest" time="0.001"/>
  <testcase name="multiplicando: 504" classname="org.bedu.java.backend.sesion3.CalculadoraTest" time="0.0"/>
  <testcase name="multiplicando: 505" classname="org.bedu.java.backend.sesion3.CalculadoraTest" time="0.0"/>
  <testcase name="multiplicando: 506" classname="org.bedu.java.backend.sesion3.CalculadoraTest" time="0.0"/>
  <testcase name="multiplicando: 507" classname="org.bedu.java.backend.sesion3.CalculadoraTest" time="0.0"/>
  <testcase name="multiplicando: 508" classname="org.bedu.java.backend.sesion3.CalculadoraTest" time="0.002"/>
  <testcase name="multiplicando: 509" classname="org.bedu.java.backend.sesion3.CalculadoraTest" time="0.001"/>
  <testcase name="multiplicando: 510" classname="org.bedu.java.backend.sesion3.CalculadoraTest" time="0.0"/>
  <testcase name="multiplicando: 511" classname="org.bedu.java.backend.sesion3.CalculadoraTest" time="0.001"/>
  <testcase name="multiplicando: 512" classname="org.bedu.java.backend.sesion3.CalculadoraTest" time="0.0"/>
  <testcase name="multiplicando: 513" classname="org.bedu.java.backend.sesion3.CalculadoraTest" time="0.002"/>
  <testcase name="multiplicando: 514" classname="org.bedu.java.backend.sesion3.CalculadoraTest" time="0.0"/>
  <testcase name="multiplicando: 515" classname="org.bedu.java.backend.sesion3.CalculadoraTest" time="0.0"/>
  <testcase name="multiplicando: 516" classname="org.bedu.java.backend.sesion3.CalculadoraTest" time="0.0"/>
  <testcase name="multiplicando: 517" classname="org.bedu.java.backend.sesion3.CalculadoraTest" time="0.002"/>
  <testcase name="multiplicando: 518" classname="org.bedu.java.backend.sesion3.CalculadoraTest" time="0.0"/>
  <testcase name="multiplicando: 519" classname="org.bedu.java.backend.sesion3.CalculadoraTest" time="0.0"/>
  <testcase name="multiplicando: 520" classname="org.bedu.java.backend.sesion3.CalculadoraTest" time="0.0"/>
  <testcase name="multiplicando: 521" classname="org.bedu.java.backend.sesion3.CalculadoraTest" time="0.0"/>
  <testcase name="multiplicando: 522" classname="org.bedu.java.backend.sesion3.CalculadoraTest" time="0.001"/>
  <testcase name="multiplicando: 523" classname="org.bedu.java.backend.sesion3.CalculadoraTest" time="0.0"/>
  <testcase name="multiplicando: 524" classname="org.bedu.java.backend.sesion3.CalculadoraTest" time="0.001"/>
  <testcase name="multiplicando: 525" classname="org.bedu.java.backend.sesion3.CalculadoraTest" time="0.001"/>
  <testcase name="multiplicando: 526" classname="org.bedu.java.backend.sesion3.CalculadoraTest" time="0.001"/>
  <testcase name="multiplicando: 527" classname="org.bedu.java.backend.sesion3.CalculadoraTest" time="0.001"/>
  <testcase name="multiplicando: 528" classname="org.bedu.java.backend.sesion3.CalculadoraTest" time="0.003"/>
  <testcase name="multiplicando: 529" classname="org.bedu.java.backend.sesion3.CalculadoraTest" time="0.0"/>
  <testcase name="multiplicando: 530" classname="org.bedu.java.backend.sesion3.CalculadoraTest" time="0.001"/>
  <testcase name="multiplicando: 531" classname="org.bedu.java.backend.sesion3.CalculadoraTest" time="0.0"/>
  <testcase name="multiplicando: 532" classname="org.bedu.java.backend.sesion3.CalculadoraTest" time="0.0"/>
  <testcase name="multiplicando: 533" classname="org.bedu.java.backend.sesion3.CalculadoraTest" time="0.001"/>
  <testcase name="multiplicando: 534" classname="org.bedu.java.backend.sesion3.CalculadoraTest" time="0.001"/>
  <testcase name="multiplicando: 535" classname="org.bedu.java.backend.sesion3.CalculadoraTest" time="0.001"/>
  <testcase name="multiplicando: 536" classname="org.bedu.java.backend.sesion3.CalculadoraTest" time="0.0"/>
  <testcase name="multiplicando: 537" classname="org.bedu.java.backend.sesion3.CalculadoraTest" time="0.001"/>
  <testcase name="multiplicando: 538" classname="org.bedu.java.backend.sesion3.CalculadoraTest" time="0.001"/>
  <testcase name="multiplicando: 539" classname="org.bedu.java.backend.sesion3.CalculadoraTest" time="0.003"/>
  <testcase name="multiplicando: 540" classname="org.bedu.java.backend.sesion3.CalculadoraTest" time="0.002"/>
  <testcase name="multiplicando: 541" classname="org.bedu.java.backend.sesion3.CalculadoraTest" time="0.001"/>
  <testcase name="multiplicando: 542" classname="org.bedu.java.backend.sesion3.CalculadoraTest" time="0.001"/>
  <testcase name="multiplicando: 543" classname="org.bedu.java.backend.sesion3.CalculadoraTest" time="0.0"/>
  <testcase name="multiplicando: 544" classname="org.bedu.java.backend.sesion3.CalculadoraTest" time="0.003"/>
  <testcase name="multiplicando: 545" classname="org.bedu.java.backend.sesion3.CalculadoraTest" time="0.002"/>
  <testcase name="multiplicando: 546" classname="org.bedu.java.backend.sesion3.CalculadoraTest" time="0.003"/>
  <testcase name="multiplicando: 547" classname="org.bedu.java.backend.sesion3.CalculadoraTest" time="0.001"/>
  <testcase name="multiplicando: 548" classname="org.bedu.java.backend.sesion3.CalculadoraTest" time="0.002"/>
  <testcase name="multiplicando: 549" classname="org.bedu.java.backend.sesion3.CalculadoraTest" time="0.0"/>
  <testcase name="multiplicando: 550" classname="org.bedu.java.backend.sesion3.CalculadoraTest" time="0.0"/>
  <testcase name="multiplicando: 551" classname="org.bedu.java.backend.sesion3.CalculadoraTest" time="0.0"/>
  <testcase name="multiplicando: 552" classname="org.bedu.java.backend.sesion3.CalculadoraTest" time="0.0"/>
  <testcase name="multiplicando: 553" classname="org.bedu.java.backend.sesion3.CalculadoraTest" time="0.0"/>
  <testcase name="multiplicando: 554" classname="org.bedu.java.backend.sesion3.CalculadoraTest" time="0.001"/>
  <testcase name="multiplicando: 555" classname="org.bedu.java.backend.sesion3.CalculadoraTest" time="0.001"/>
  <testcase name="multiplicando: 556" classname="org.bedu.java.backend.sesion3.CalculadoraTest" time="0.0"/>
  <testcase name="multiplicando: 557" classname="org.bedu.java.backend.sesion3.CalculadoraTest" time="0.0"/>
  <testcase name="multiplicando: 558" classname="org.bedu.java.backend.sesion3.CalculadoraTest" time="0.002"/>
  <testcase name="multiplicando: 559" classname="org.bedu.java.backend.sesion3.CalculadoraTest" time="0.001"/>
  <testcase name="multiplicando: 560" classname="org.bedu.java.backend.sesion3.CalculadoraTest" time="0.001"/>
  <testcase name="multiplicando: 561" classname="org.bedu.java.backend.sesion3.CalculadoraTest" time="0.001"/>
  <testcase name="multiplicando: 562" classname="org.bedu.java.backend.sesion3.CalculadoraTest" time="0.0"/>
  <testcase name="multiplicando: 563" classname="org.bedu.java.backend.sesion3.CalculadoraTest" time="0.001"/>
  <testcase name="multiplicando: 564" classname="org.bedu.java.backend.sesion3.CalculadoraTest" time="0.001"/>
  <testcase name="multiplicando: 565" classname="org.bedu.java.backend.sesion3.CalculadoraTest" time="0.001"/>
  <testcase name="multiplicando: 566" classname="org.bedu.java.backend.sesion3.CalculadoraTest" time="0.0"/>
  <testcase name="multiplicando: 567" classname="org.bedu.java.backend.sesion3.CalculadoraTest" time="0.0"/>
  <testcase name="multiplicando: 568" classname="org.bedu.java.backend.sesion3.CalculadoraTest" time="0.003"/>
  <testcase name="multiplicando: 569" classname="org.bedu.java.backend.sesion3.CalculadoraTest" time="0.001"/>
  <testcase name="multiplicando: 570" classname="org.bedu.java.backend.sesion3.CalculadoraTest" time="0.0"/>
  <testcase name="multiplicando: 571" classname="org.bedu.java.backend.sesion3.CalculadoraTest" time="0.0"/>
  <testcase name="multiplicando: 572" classname="org.bedu.java.backend.sesion3.CalculadoraTest" time="0.0"/>
  <testcase name="multiplicando: 573" classname="org.bedu.java.backend.sesion3.CalculadoraTest" time="0.0"/>
  <testcase name="multiplicando: 574" classname="org.bedu.java.backend.sesion3.CalculadoraTest" time="0.001"/>
  <testcase name="multiplicando: 575" classname="org.bedu.java.backend.sesion3.CalculadoraTest" time="0.001"/>
  <testcase name="multiplicando: 576" classname="org.bedu.java.backend.sesion3.CalculadoraTest" time="0.001"/>
  <testcase name="multiplicando: 577" classname="org.bedu.java.backend.sesion3.CalculadoraTest" time="0.0"/>
  <testcase name="multiplicando: 578" classname="org.bedu.java.backend.sesion3.CalculadoraTest" time="0.005"/>
  <testcase name="multiplicando: 579" classname="org.bedu.java.backend.sesion3.CalculadoraTest" time="0.001"/>
  <testcase name="multiplicando: 580" classname="org.bedu.java.backend.sesion3.CalculadoraTest" time="0.001"/>
  <testcase name="multiplicando: 581" classname="org.bedu.java.backend.sesion3.CalculadoraTest" time="0.0"/>
  <testcase name="multiplicando: 582" classname="org.bedu.java.backend.sesion3.CalculadoraTest" time="0.001"/>
  <testcase name="multiplicando: 583" classname="org.bedu.java.backend.sesion3.CalculadoraTest" time="0.001"/>
  <testcase name="multiplicando: 584" classname="org.bedu.java.backend.sesion3.CalculadoraTest" time="0.0"/>
  <testcase name="multiplicando: 585" classname="org.bedu.java.backend.sesion3.CalculadoraTest" time="0.001"/>
  <testcase name="multiplicando: 586" classname="org.bedu.java.backend.sesion3.CalculadoraTest" time="0.001"/>
  <testcase name="multiplicando: 587" classname="org.bedu.java.backend.sesion3.CalculadoraTest" time="0.0"/>
  <testcase name="multiplicando: 588" classname="org.bedu.java.backend.sesion3.CalculadoraTest" time="0.001"/>
  <testcase name="multiplicando: 589" classname="org.bedu.java.backend.sesion3.CalculadoraTest" time="0.0"/>
  <testcase name="multiplicando: 590" classname="org.bedu.java.backend.sesion3.CalculadoraTest" time="0.001"/>
  <testcase name="multiplicando: 591" classname="org.bedu.java.backend.sesion3.CalculadoraTest" time="0.0"/>
  <testcase name="multiplicando: 592" classname="org.bedu.java.backend.sesion3.CalculadoraTest" time="0.001"/>
  <testcase name="multiplicando: 593" classname="org.bedu.java.backend.sesion3.CalculadoraTest" time="0.001"/>
  <testcase name="multiplicando: 594" classname="org.bedu.java.backend.sesion3.CalculadoraTest" time="0.001"/>
  <testcase name="multiplicando: 595" classname="org.bedu.java.backend.sesion3.CalculadoraTest" time="0.001"/>
  <testcase name="multiplicando: 596" classname="org.bedu.java.backend.sesion3.CalculadoraTest" time="0.0"/>
  <testcase name="multiplicando: 597" classname="org.bedu.java.backend.sesion3.CalculadoraTest" time="0.0"/>
  <testcase name="multiplicando: 598" classname="org.bedu.java.backend.sesion3.CalculadoraTest" time="0.0"/>
  <testcase name="multiplicando: 599" classname="org.bedu.java.backend.sesion3.CalculadoraTest" time="0.0"/>
  <testcase name="multiplicando: 600" classname="org.bedu.java.backend.sesion3.CalculadoraTest" time="0.001"/>
  <testcase name="multiplicando: 601" classname="org.bedu.java.backend.sesion3.CalculadoraTest" time="0.001"/>
  <testcase name="multiplicando: 602" classname="org.bedu.java.backend.sesion3.CalculadoraTest" time="0.001"/>
  <testcase name="multiplicando: 603" classname="org.bedu.java.backend.sesion3.CalculadoraTest" time="0.001"/>
  <testcase name="multiplicando: 604" classname="org.bedu.java.backend.sesion3.CalculadoraTest" time="0.0"/>
  <testcase name="multiplicando: 605" classname="org.bedu.java.backend.sesion3.CalculadoraTest" time="0.0"/>
  <testcase name="multiplicando: 606" classname="org.bedu.java.backend.sesion3.CalculadoraTest" time="0.0"/>
  <testcase name="multiplicando: 607" classname="org.bedu.java.backend.sesion3.CalculadoraTest" time="0.0"/>
  <testcase name="multiplicando: 608" classname="org.bedu.java.backend.sesion3.CalculadoraTest" time="0.0"/>
  <testcase name="multiplicando: 609" classname="org.bedu.java.backend.sesion3.CalculadoraTest" time="0.0"/>
  <testcase name="multiplicando: 610" classname="org.bedu.java.backend.sesion3.CalculadoraTest" time="0.0"/>
  <testcase name="multiplicando: 611" classname="org.bedu.java.backend.sesion3.CalculadoraTest" time="0.0"/>
  <testcase name="multiplicando: 612" classname="org.bedu.java.backend.sesion3.CalculadoraTest" time="0.0"/>
  <testcase name="multiplicando: 613" classname="org.bedu.java.backend.sesion3.CalculadoraTest" time="0.001"/>
  <testcase name="multiplicando: 614" classname="org.bedu.java.backend.sesion3.CalculadoraTest" time="0.004"/>
  <testcase name="multiplicando: 615" classname="org.bedu.java.backend.sesion3.CalculadoraTest" time="0.0"/>
  <testcase name="multiplicando: 616" classname="org.bedu.java.backend.sesion3.CalculadoraTest" time="0.002"/>
  <testcase name="multiplicando: 617" classname="org.bedu.java.backend.sesion3.CalculadoraTest" time="0.001"/>
  <testcase name="multiplicando: 618" classname="org.bedu.java.backend.sesion3.CalculadoraTest" time="0.001"/>
  <testcase name="multiplicando: 619" classname="org.bedu.java.backend.sesion3.CalculadoraTest" time="0.001"/>
  <testcase name="multiplicando: 620" classname="org.bedu.java.backend.sesion3.CalculadoraTest" time="0.0"/>
  <testcase name="multiplicando: 621" classname="org.bedu.java.backend.sesion3.CalculadoraTest" time="0.001"/>
  <testcase name="multiplicando: 622" classname="org.bedu.java.backend.sesion3.CalculadoraTest" time="0.001"/>
  <testcase name="multiplicando: 623" classname="org.bedu.java.backend.sesion3.CalculadoraTest" time="0.001"/>
  <testcase name="multiplicando: 624" classname="org.bedu.java.backend.sesion3.CalculadoraTest" time="0.001"/>
  <testcase name="multiplicando: 625" classname="org.bedu.java.backend.sesion3.CalculadoraTest" time="0.0"/>
  <testcase name="multiplicando: 626" classname="org.bedu.java.backend.sesion3.CalculadoraTest" time="0.001"/>
  <testcase name="multiplicando: 627" classname="org.bedu.java.backend.sesion3.CalculadoraTest" time="0.001"/>
  <testcase name="multiplicando: 628" classname="org.bedu.java.backend.sesion3.CalculadoraTest" time="0.0"/>
  <testcase name="multiplicando: 629" classname="org.bedu.java.backend.sesion3.CalculadoraTest" time="0.0"/>
  <testcase name="multiplicando: 630" classname="org.bedu.java.backend.sesion3.CalculadoraTest" time="0.0"/>
  <testcase name="multiplicando: 631" classname="org.bedu.java.backend.sesion3.CalculadoraTest" time="0.001"/>
  <testcase name="multiplicando: 632" classname="org.bedu.java.backend.sesion3.CalculadoraTest" time="0.0"/>
  <testcase name="multiplicando: 633" classname="org.bedu.java.backend.sesion3.CalculadoraTest" time="0.0"/>
  <testcase name="multiplicando: 634" classname="org.bedu.java.backend.sesion3.CalculadoraTest" time="0.0"/>
  <testcase name="multiplicando: 635" classname="org.bedu.java.backend.sesion3.CalculadoraTest" time="0.0"/>
  <testcase name="multiplicando: 636" classname="org.bedu.java.backend.sesion3.CalculadoraTest" time="0.0"/>
  <testcase name="multiplicando: 637" classname="org.bedu.java.backend.sesion3.CalculadoraTest" time="0.005"/>
  <testcase name="multiplicando: 638" classname="org.bedu.java.backend.sesion3.CalculadoraTest" time="0.001"/>
  <testcase name="multiplicando: 639" classname="org.bedu.java.backend.sesion3.CalculadoraTest" time="0.001"/>
  <testcase name="multiplicando: 640" classname="org.bedu.java.backend.sesion3.CalculadoraTest" time="0.007"/>
  <testcase name="multiplicando: 641" classname="org.bedu.java.backend.sesion3.CalculadoraTest" time="0.002"/>
  <testcase name="multiplicando: 642" classname="org.bedu.java.backend.sesion3.CalculadoraTest" time="0.0"/>
  <testcase name="multiplicando: 643" classname="org.bedu.java.backend.sesion3.CalculadoraTest" time="0.0"/>
  <testcase name="multiplicando: 644" classname="org.bedu.java.backend.sesion3.CalculadoraTest" time="0.0"/>
  <testcase name="multiplicando: 645" classname="org.bedu.java.backend.sesion3.CalculadoraTest" time="0.001"/>
  <testcase name="multiplicando: 646" classname="org.bedu.java.backend.sesion3.CalculadoraTest" time="0.001"/>
  <testcase name="multiplicando: 647" classname="org.bedu.java.backend.sesion3.CalculadoraTest" time="0.003"/>
  <testcase name="multiplicando: 648" classname="org.bedu.java.backend.sesion3.CalculadoraTest" time="0.0"/>
  <testcase name="multiplicando: 649" classname="org.bedu.java.backend.sesion3.CalculadoraTest" time="0.0"/>
  <testcase name="multiplicando: 650" classname="org.bedu.java.backend.sesion3.CalculadoraTest" time="0.0"/>
  <testcase name="multiplicando: 651" classname="org.bedu.java.backend.sesion3.CalculadoraTest" time="0.003"/>
  <testcase name="multiplicando: 652" classname="org.bedu.java.backend.sesion3.CalculadoraTest" time="0.001"/>
  <testcase name="multiplicando: 653" classname="org.bedu.java.backend.sesion3.CalculadoraTest" time="0.001"/>
  <testcase name="multiplicando: 654" classname="org.bedu.java.backend.sesion3.CalculadoraTest" time="0.0"/>
  <testcase name="multiplicando: 655" classname="org.bedu.java.backend.sesion3.CalculadoraTest" time="0.001"/>
  <testcase name="multiplicando: 656" classname="org.bedu.java.backend.sesion3.CalculadoraTest" time="0.002"/>
  <testcase name="multiplicando: 657" classname="org.bedu.java.backend.sesion3.CalculadoraTest" time="0.001"/>
  <testcase name="multiplicando: 658" classname="org.bedu.java.backend.sesion3.CalculadoraTest" time="0.0"/>
  <testcase name="multiplicando: 659" classname="org.bedu.java.backend.sesion3.CalculadoraTest" time="0.0"/>
  <testcase name="multiplicando: 660" classname="org.bedu.java.backend.sesion3.CalculadoraTest" time="0.0"/>
  <testcase name="multiplicando: 661" classname="org.bedu.java.backend.sesion3.CalculadoraTest" time="0.001"/>
  <testcase name="multiplicando: 662" classname="org.bedu.java.backend.sesion3.CalculadoraTest" time="0.001"/>
  <testcase name="multiplicando: 663" classname="org.bedu.java.backend.sesion3.CalculadoraTest" time="0.001"/>
  <testcase name="multiplicando: 664" classname="org.bedu.java.backend.sesion3.CalculadoraTest" time="0.0"/>
  <testcase name="multiplicando: 665" classname="org.bedu.java.backend.sesion3.CalculadoraTest" time="0.0"/>
  <testcase name="multiplicando: 666" classname="org.bedu.java.backend.sesion3.CalculadoraTest" time="0.0"/>
  <testcase name="multiplicando: 667" classname="org.bedu.java.backend.sesion3.CalculadoraTest" time="0.0"/>
  <testcase name="multiplicando: 668" classname="org.bedu.java.backend.sesion3.CalculadoraTest" time="0.001"/>
  <testcase name="multiplicando: 669" classname="org.bedu.java.backend.sesion3.CalculadoraTest" time="0.001"/>
  <testcase name="multiplicando: 670" classname="org.bedu.java.backend.sesion3.CalculadoraTest" time="0.002"/>
  <testcase name="multiplicando: 671" classname="org.bedu.java.backend.sesion3.CalculadoraTest" time="0.0"/>
  <testcase name="multiplicando: 672" classname="org.bedu.java.backend.sesion3.CalculadoraTest" time="0.0"/>
  <testcase name="multiplicando: 673" classname="org.bedu.java.backend.sesion3.CalculadoraTest" time="0.0"/>
  <testcase name="multiplicando: 674" classname="org.bedu.java.backend.sesion3.CalculadoraTest" time="0.0"/>
  <testcase name="multiplicando: 675" classname="org.bedu.java.backend.sesion3.CalculadoraTest" time="0.0"/>
  <testcase name="multiplicando: 676" classname="org.bedu.java.backend.sesion3.CalculadoraTest" time="0.001"/>
  <testcase name="multiplicando: 677" classname="org.bedu.java.backend.sesion3.CalculadoraTest" time="0.002"/>
  <testcase name="multiplicando: 678" classname="org.bedu.java.backend.sesion3.CalculadoraTest" time="0.0"/>
  <testcase name="multiplicando: 679" classname="org.bedu.java.backend.sesion3.CalculadoraTest" time="0.0"/>
  <testcase name="multiplicando: 680" classname="org.bedu.java.backend.sesion3.CalculadoraTest" time="0.0"/>
  <testcase name="multiplicando: 681" classname="org.bedu.java.backend.sesion3.CalculadoraTest" time="0.0"/>
  <testcase name="multiplicando: 682" classname="org.bedu.java.backend.sesion3.CalculadoraTest" time="0.001"/>
  <testcase name="multiplicando: 683" classname="org.bedu.java.backend.sesion3.CalculadoraTest" time="0.001"/>
  <testcase name="multiplicando: 684" classname="org.bedu.java.backend.sesion3.CalculadoraTest" time="0.0"/>
  <testcase name="multiplicando: 685" classname="org.bedu.java.backend.sesion3.CalculadoraTest" time="0.0"/>
  <testcase name="multiplicando: 686" classname="org.bedu.java.backend.sesion3.CalculadoraTest" time="0.002"/>
  <testcase name="multiplicando: 687" classname="org.bedu.java.backend.sesion3.CalculadoraTest" time="0.0"/>
  <testcase name="multiplicando: 688" classname="org.bedu.java.backend.sesion3.CalculadoraTest" time="0.0"/>
  <testcase name="multiplicando: 689" classname="org.bedu.java.backend.sesion3.CalculadoraTest" time="0.001"/>
  <testcase name="multiplicando: 690" classname="org.bedu.java.backend.sesion3.CalculadoraTest" time="0.001"/>
  <testcase name="multiplicando: 691" classname="org.bedu.java.backend.sesion3.CalculadoraTest" time="0.0"/>
  <testcase name="multiplicando: 692" classname="org.bedu.java.backend.sesion3.CalculadoraTest" time="0.0"/>
  <testcase name="multiplicando: 693" classname="org.bedu.java.backend.sesion3.CalculadoraTest" time="0.0"/>
  <testcase name="multiplicando: 694" classname="org.bedu.java.backend.sesion3.CalculadoraTest" time="0.001"/>
  <testcase name="multiplicando: 695" classname="org.bedu.java.backend.sesion3.CalculadoraTest" time="0.0"/>
  <testcase name="multiplicando: 696" classname="org.bedu.java.backend.sesion3.CalculadoraTest" time="0.0"/>
  <testcase name="multiplicando: 697" classname="org.bedu.java.backend.sesion3.CalculadoraTest" time="0.001"/>
  <testcase name="multiplicando: 698" classname="org.bedu.java.backend.sesion3.CalculadoraTest" time="0.0"/>
  <testcase name="multiplicando: 699" classname="org.bedu.java.backend.sesion3.CalculadoraTest" time="0.0"/>
  <testcase name="multiplicando: 700" classname="org.bedu.java.backend.sesion3.CalculadoraTest" time="0.0"/>
  <testcase name="multiplicando: 701" classname="org.bedu.java.backend.sesion3.CalculadoraTest" time="0.003"/>
  <testcase name="multiplicando: 702" classname="org.bedu.java.backend.sesion3.CalculadoraTest" time="0.0"/>
  <testcase name="multiplicando: 703" classname="org.bedu.java.backend.sesion3.CalculadoraTest" time="0.0"/>
  <testcase name="multiplicando: 704" classname="org.bedu.java.backend.sesion3.CalculadoraTest" time="0.0"/>
  <testcase name="multiplicando: 705" classname="org.bedu.java.backend.sesion3.CalculadoraTest" time="0.001"/>
  <testcase name="multiplicando: 706" classname="org.bedu.java.backend.sesion3.CalculadoraTest" time="0.001"/>
  <testcase name="multiplicando: 707" classname="org.bedu.java.backend.sesion3.CalculadoraTest" time="0.0"/>
  <testcase name="multiplicando: 708" classname="org.bedu.java.backend.sesion3.CalculadoraTest" time="0.0"/>
  <testcase name="multiplicando: 709" classname="org.bedu.java.backend.sesion3.CalculadoraTest" time="0.0"/>
  <testcase name="multiplicando: 710" classname="org.bedu.java.backend.sesion3.CalculadoraTest" time="0.0"/>
  <testcase name="multiplicando: 711" classname="org.bedu.java.backend.sesion3.CalculadoraTest" time="0.001"/>
  <testcase name="multiplicando: 712" classname="org.bedu.java.backend.sesion3.CalculadoraTest" time="0.0"/>
  <testcase name="multiplicando: 713" classname="org.bedu.java.backend.sesion3.CalculadoraTest" time="0.001"/>
  <testcase name="multiplicando: 714" classname="org.bedu.java.backend.sesion3.CalculadoraTest" time="0.001"/>
  <testcase name="multiplicando: 715" classname="org.bedu.java.backend.sesion3.CalculadoraTest" time="0.0"/>
  <testcase name="multiplicando: 716" classname="org.bedu.java.backend.sesion3.CalculadoraTest" time="0.0"/>
  <testcase name="multiplicando: 717" classname="org.bedu.java.backend.sesion3.CalculadoraTest" time="0.001"/>
[...]
  <testcase name="multiplicando: 821" classname="org.bedu.java.backend.sesion3.CalculadoraTest" time="0.002"/>
  <testcase name="multiplicando: 822" classname="org.bedu.java.backend.sesion3.CalculadoraTest" time="0.003"/>
  <testcase name="multiplicando: 823" classname="org.bedu.java.backend.sesion3.CalculadoraTest" time="0.001"/>
  <testcase name="multiplicando: 824" classname="org.bedu.java.backend.sesion3.CalculadoraTest" time="0.0"/>
  <testcase name="multiplicando: 825" classname="org.bedu.java.backend.sesion3.CalculadoraTest" time="0.001"/>
  <testcase name="multiplicando: 826" classname="org.bedu.java.backend.sesion3.CalculadoraTest" time="0.002"/>
  <testcase name="multiplicando: 827" classname="org.bedu.java.backend.sesion3.CalculadoraTest" time="0.0"/>
  <testcase name="multiplicando: 828" classname="org.bedu.java.backend.sesion3.CalculadoraTest" time="0.0"/>
  <testcase name="multiplicando: 829" classname="org.bedu.java.backend.sesion3.CalculadoraTest" time="0.001"/>
  <testcase name="multiplicando: 830" classname="org.bedu.java.backend.sesion3.CalculadoraTest" time="0.008"/>
  <testcase name="multiplicando: 831" classname="org.bedu.java.backend.sesion3.CalculadoraTest" time="0.001"/>
  <testcase name="multiplicando: 832" classname="org.bedu.java.backend.sesion3.CalculadoraTest" time="0.001"/>
  <testcase name="multiplicando: 833" classname="org.bedu.java.backend.sesion3.CalculadoraTest" time="0.003"/>
  <testcase name="multiplicando: 834" classname="org.bedu.java.backend.sesion3.CalculadoraTest" time="0.001"/>
  <testcase name="multiplicando: 835" classname="org.bedu.java.backend.sesion3.CalculadoraTest" time="0.001"/>
  <testcase name="multiplicando: 836" classname="org.bedu.java.backend.sesion3.CalculadoraTest" time="0.005"/>
  <testcase name="multiplicando: 837" classname="org.bedu.java.backend.sesion3.CalculadoraTest" time="0.002"/>
  <testcase name="multiplicando: 838" classname="org.bedu.java.backend.sesion3.CalculadoraTest" time="0.001"/>
  <testcase name="multiplicando: 839" classname="org.bedu.java.backend.sesion3.CalculadoraTest" time="0.001"/>
  <testcase name="multiplicando: 840" classname="org.bedu.java.backend.sesion3.CalculadoraTest" time="0.0"/>
  <testcase name="multiplicando: 841" classname="org.bedu.java.backend.sesion3.CalculadoraTest" time="0.0"/>
  <testcase name="multiplicando: 842" classname="org.bedu.java.backend.sesion3.CalculadoraTest" time="0.001"/>
  <testcase name="multiplicando: 843" classname="org.bedu.java.backend.sesion3.CalculadoraTest" time="0.001"/>
  <testcase name="multiplicando: 844" classname="org.bedu.java.backend.sesion3.CalculadoraTest" time="0.0"/>
  <testcase name="multiplicando: 845" classname="org.bedu.java.backend.sesion3.CalculadoraTest" time="0.0"/>
  <testcase name="multiplicando: 846" classname="org.bedu.java.backend.sesion3.CalculadoraTest" time="0.007"/>
  <testcase name="multiplicando: 847" classname="org.bedu.java.backend.sesion3.CalculadoraTest" time="0.001"/>
  <testcase name="multiplicando: 848" classname="org.bedu.java.backend.sesion3.CalculadoraTest" time="0.0"/>
  <testcase name="multiplicando: 849" classname="org.bedu.java.backend.sesion3.CalculadoraTest" time="0.0"/>
  <testcase name="multiplicando: 850" classname="org.bedu.java.backend.sesion3.CalculadoraTest" time="0.002"/>
  <testcase name="multiplicando: 851" classname="org.bedu.java.backend.sesion3.CalculadoraTest" time="0.001"/>
  <testcase name="multiplicando: 852" classname="org.bedu.java.backend.sesion3.CalculadoraTest" time="0.0"/>
  <testcase name="multiplicando: 853" classname="org.bedu.java.backend.sesion3.CalculadoraTest" time="0.001"/>
  <testcase name="multiplicando: 854" classname="org.bedu.java.backend.sesion3.CalculadoraTest" time="0.0"/>
  <testcase name="multiplicando: 855" classname="org.bedu.java.backend.sesion3.CalculadoraTest" time="0.0"/>
  <testcase name="multiplicando: 856" classname="org.bedu.java.backend.sesion3.CalculadoraTest" time="0.001"/>
  <testcase name="multiplicando: 857" classname="org.bedu.java.backend.sesion3.CalculadoraTest" time="0.001"/>
  <testcase name="multiplicando: 858" classname="org.bedu.java.backend.sesion3.CalculadoraTest" time="0.0"/>
  <testcase name="multiplicando: 859" classname="org.bedu.java.backend.sesion3.CalculadoraTest" time="0.0"/>
  <testcase name="multiplicando: 860" classname="org.bedu.java.backend.sesion3.CalculadoraTest" time="0.0"/>
  <testcase name="multiplicando: 861" classname="org.bedu.java.backend.sesion3.CalculadoraTest" time="0.001"/>
  <testcase name="multiplicando: 862" classname="org.bedu.java.backend.sesion3.CalculadoraTest" time="0.0"/>
  <testcase name="multiplicando: 863" classname="org.bedu.java.backend.sesion3.CalculadoraTest" time="0.001"/>
  <testcase name="multiplicando: 864" classname="org.bedu.java.backend.sesion3.CalculadoraTest" time="0.0"/>
  <testcase name="multiplicando: 865" classname="org.bedu.java.backend.sesion3.CalculadoraTest" time="0.0"/>
  <testcase name="multiplicando: 866" classname="org.bedu.java.backend.sesion3.CalculadoraTest" time="0.0"/>
  <testcase name="multiplicando: 867" classname="org.bedu.java.backend.sesion3.CalculadoraTest" time="0.0"/>
  <testcase name="multiplicando: 868" classname="org.bedu.java.backend.sesion3.CalculadoraTest" time="0.0"/>
  <testcase name="multiplicando: 869" classname="org.bedu.java.backend.sesion3.CalculadoraTest" time="0.001"/>
  <testcase name="multiplicando: 870" classname="org.bedu.java.backend.sesion3.CalculadoraTest" time="0.0"/>
  <testcase name="multiplicando: 871" classname="org.bedu.java.backend.sesion3.CalculadoraTest" time="0.0"/>
  <testcase name="multiplicando: 872" classname="org.bedu.java.backend.sesion3.CalculadoraTest" time="0.001"/>
  <testcase name="multiplicando: 873" classname="org.bedu.java.backend.sesion3.CalculadoraTest" time="0.0"/>
  <testcase name="multiplicando: 874" classname="org.bedu.java.backend.sesion3.CalculadoraTest" time="0.0"/>
  <testcase name="multiplicando: 875" classname="org.bedu.java.backend.sesion3.CalculadoraTest" time="0.001"/>
  <testcase name="multiplicando: 876" classname="org.bedu.java.backend.sesion3.CalculadoraTest" time="0.0"/>
  <testcase name="multiplicando: 877" classname="org.bedu.java.backend.sesion3.CalculadoraTest" time="0.0"/>
  <testcase name="multiplicando: 878" classname="org.bedu.java.backend.sesion3.CalculadoraTest" time="0.0"/>
  <testcase name="multiplicando: 879" classname="org.bedu.java.backend.sesion3.CalculadoraTest" time="0.0"/>
  <testcase name="multiplicando: 880" classname="org.bedu.java.backend.sesion3.CalculadoraTest" time="0.001"/>
  <testcase name="multiplicando: 881" classname="org.bedu.java.backend.sesion3.CalculadoraTest" time="0.005"/>
  <testcase name="multiplicando: 882" classname="org.bedu.java.backend.sesion3.CalculadoraTest" time="0.001"/>
  <testcase name="multiplicando: 883" classname="org.bedu.java.backend.sesion3.CalculadoraTest" time="0.0"/>
  <testcase name="multiplicando: 884" classname="org.bedu.java.backend.sesion3.CalculadoraTest" time="0.0"/>
  <testcase name="multiplicando: 885" classname="org.bedu.java.backend.sesion3.CalculadoraTest" time="0.001"/>
  <testcase name="multiplicando: 886" classname="org.bedu.java.backend.sesion3.CalculadoraTest" time="0.0"/>
  <testcase name="multiplicando: 887" classname="org.bedu.java.backend.sesion3.CalculadoraTest" time="0.0"/>
  <testcase name="multiplicando: 888" classname="org.bedu.java.backend.sesion3.CalculadoraTest" time="0.001"/>
  <testcase name="multiplicando: 889" classname="org.bedu.java.backend.sesion3.CalculadoraTest" time="0.0"/>
  <testcase name="multiplicando: 890" classname="org.bedu.java.backend.sesion3.CalculadoraTest" time="0.001"/>
  <testcase name="multiplicando: 891" classname="org.bedu.java.backend.sesion3.CalculadoraTest" time="0.001"/>
  <testcase name="multiplicando: 892" classname="org.bedu.java.backend.sesion3.CalculadoraTest" time="0.001"/>
  <testcase name="multiplicando: 893" classname="org.bedu.java.backend.sesion3.CalculadoraTest" time="0.002"/>
  <testcase name="multiplicando: 894" classname="org.bedu.java.backend.sesion3.CalculadoraTest" time="0.0"/>
  <testcase name="multiplicando: 895" classname="org.bedu.java.backend.sesion3.CalculadoraTest" time="0.001"/>
  <testcase name="multiplicando: 896" classname="org.bedu.java.backend.sesion3.CalculadoraTest" time="0.0"/>
  <testcase name="multiplicando: 897" classname="org.bedu.java.backend.sesion3.CalculadoraTest" time="0.004"/>
  <testcase name="multiplicando: 898" classname="org.bedu.java.backend.sesion3.CalculadoraTest" time="0.001"/>
  <testcase name="multiplicando: 899" classname="org.bedu.java.backend.sesion3.CalculadoraTest" time="0.001"/>
  <testcase name="multiplicando: 900" classname="org.bedu.java.backend.sesion3.CalculadoraTest" time="0.0"/>
  <testcase name="multiplicando: 901" classname="org.bedu.java.backend.sesion3.CalculadoraTest" time="0.006"/>
  <testcase name="multiplicando: 902" classname="org.bedu.java.backend.sesion3.CalculadoraTest" time="0.001"/>
  <testcase name="multiplicando: 903" classname="org.bedu.java.backend.sesion3.CalculadoraTest" time="0.0"/>
  <testcase name="multiplicando: 904" classname="org.bedu.java.backend.sesion3.CalculadoraTest" time="0.0"/>
  <testcase name="multiplicando: 905" classname="org.bedu.java.backend.sesion3.CalculadoraTest" time="0.001"/>
  <testcase name="multiplicando: 906" classname="org.bedu.java.backend.sesion3.CalculadoraTest" time="0.001"/>
  <testcase name="multiplicando: 907" classname="org.bedu.java.backend.sesion3.CalculadoraTest" time="0.0"/>
  <testcase name="multiplicando: 908" classname="org.bedu.java.backend.sesion3.CalculadoraTest" time="0.001"/>
  <testcase name="multiplicando: 909" classname="org.bedu.java.backend.sesion3.CalculadoraTest" time="0.0"/>
  <testcase name="multiplicando: 910" classname="org.bedu.java.backend.sesion3.CalculadoraTest" time="0.001"/>
  <testcase name="multiplicando: 911" classname="org.bedu.java.backend.sesion3.CalculadoraTest" time="0.001"/>
  <testcase name="multiplicando: 912" classname="org.bedu.java.backend.sesion3.CalculadoraTest" time="0.001"/>
  <testcase name="multiplicando: 913" classname="org.bedu.java.backend.sesion3.CalculadoraTest" time="0.003"/>
  <testcase name="multiplicando: 914" classname="org.bedu.java.backend.sesion3.CalculadoraTest" time="0.002"/>
  <testcase name="multiplicando: 915" classname="org.bedu.java.backend.sesion3.CalculadoraTest" time="0.001"/>
  <testcase name="multiplicando: 916" classname="org.bedu.java.backend.sesion3.CalculadoraTest" time="0.0"/>
  <testcase name="multiplicando: 917" classname="org.bedu.java.backend.sesion3.CalculadoraTest" time="0.0"/>
  <testcase name="multiplicando: 918" classname="org.bedu.java.backend.sesion3.CalculadoraTest" time="0.0"/>
  <testcase name="multiplicando: 919" classname="org.bedu.java.backend.sesion3.CalculadoraTest" time="0.001"/>
  <testcase name="multiplicando: 920" classname="org.bedu.java.backend.sesion3.CalculadoraTest" time="0.0"/>
  <testcase name="multiplicando: 921" classname="org.bedu.java.backend.sesion3.CalculadoraTest" time="0.0"/>
  <testcase name="multiplicando: 922" classname="org.bedu.java.backend.sesion3.CalculadoraTest" time="0.0"/>
  <testcase name="multiplicando: 923" classname="org.bedu.java.backend.sesion3.CalculadoraTest" time="0.001"/>
  <testcase name="multiplicando: 924" classname="org.bedu.java.backend.sesion3.CalculadoraTest" time="0.003"/>
  <testcase name="multiplicando: 925" classname="org.bedu.java.backend.sesion3.CalculadoraTest" time="0.0"/>
  <testcase name="multiplicando: 926" classname="org.bedu.java.backend.sesion3.CalculadoraTest" time="0.0"/>
  <testcase name="multiplicando: 927" classname="org.bedu.java.backend.sesion3.CalculadoraTest" time="0.0"/>
  <testcase name="multiplicando: 928" classname="org.bedu.java.backend.sesion3.CalculadoraTest" time="0.0"/>
  <testcase name="multiplicando: 929" classname="org.bedu.java.backend.sesion3.CalculadoraTest" time="0.0"/>
  <testcase name="multiplicando: 930" classname="org.bedu.java.backend.sesion3.CalculadoraTest" time="0.001"/>
  <testcase name="multiplicando: 931" classname="org.bedu.java.backend.sesion3.CalculadoraTest" time="0.001"/>
  <testcase name="multiplicando: 932" classname="org.bedu.java.backend.sesion3.CalculadoraTest" time="0.0"/>
  <testcase name="multiplicando: 933" classname="org.bedu.java.backend.sesion3.CalculadoraTest" time="0.001"/>
  <testcase name="multiplicando: 934" classname="org.bedu.java.backend.sesion3.CalculadoraTest" time="0.0"/>
  <testcase name="multiplicando: 935" classname="org.bedu.java.backend.sesion3.CalculadoraTest" time="0.0"/>
  <testcase name="multiplicando: 936" classname="org.bedu.java.backend.sesion3.CalculadoraTest" time="0.003"/>
  <testcase name="multiplicando: 937" classname="org.bedu.java.backend.sesion3.CalculadoraTest" time="0.005"/>
  <testcase name="multiplicando: 938" classname="org.bedu.java.backend.sesion3.CalculadoraTest" time="0.0"/>
  <testcase name="multiplicando: 939" classname="org.bedu.java.backend.sesion3.CalculadoraTest" time="0.001"/>
  <testcase name="multiplicando: 940" classname="org.bedu.java.backend.sesion3.CalculadoraTest" time="0.0"/>
  <testcase name="multiplicando: 941" classname="org.bedu.java.backend.sesion3.CalculadoraTest" time="0.001"/>
  <testcase name="multiplicando: 942" classname="org.bedu.java.backend.sesion3.CalculadoraTest" time="0.0"/>
  <testcase name="multiplicando: 943" classname="org.bedu.java.backend.sesion3.CalculadoraTest" time="0.001"/>
  <testcase name="multiplicando: 944" classname="org.bedu.java.backend.sesion3.CalculadoraTest" time="0.001"/>
  <testcase name="multiplicando: 945" classname="org.bedu.java.backend.sesion3.CalculadoraTest" time="0.001"/>
  <testcase name="multiplicando: 946" classname="org.bedu.java.backend.sesion3.CalculadoraTest" time="0.0"/>
  <testcase name="multiplicando: 947" classname="org.bedu.java.backend.sesion3.CalculadoraTest" time="0.0"/>
  <testcase name="multiplicando: 948" classname="org.bedu.java.backend.sesion3.CalculadoraTest" time="0.0"/>
  <testcase name="multiplicando: 949" classname="org.bedu.java.backend.sesion3.CalculadoraTest" time="0.002"/>
  <testcase name="multiplicando: 950" classname="org.bedu.java.backend.sesion3.CalculadoraTest" time="0.001"/>
  <testcase name="multiplicando: 951" classname="org.bedu.java.backend.sesion3.CalculadoraTest" time="0.0"/>
  <testcase name="multiplicando: 952" classname="org.bedu.java.backend.sesion3.CalculadoraTest" time="0.001"/>
  <testcase name="multiplicando: 953" classname="org.bedu.java.backend.sesion3.CalculadoraTest" time="0.001"/>
  <testcase name="multiplicando: 954" classname="org.bedu.java.backend.sesion3.CalculadoraTest" time="0.0"/>
  <testcase name="multiplicando: 955" classname="org.bedu.java.backend.sesion3.CalculadoraTest" time="0.0"/>
  <testcase name="multiplicando: 956" classname="org.bedu.java.backend.sesion3.CalculadoraTest" time="0.0"/>
  <testcase name="multiplicando: 957" classname="org.bedu.java.backend.sesion3.CalculadoraTest" time="0.0"/>
  <testcase name="multiplicando: 958" classname="org.bedu.java.backend.sesion3.CalculadoraTest" time="0.0"/>
  <testcase name="multiplicando: 959" classname="org.bedu.java.backend.sesion3.CalculadoraTest" time="0.0"/>
  <testcase name="multiplicando: 960" classname="org.bedu.java.backend.sesion3.CalculadoraTest" time="0.0"/>
  <testcase name="multiplicando: 961" classname="org.bedu.java.backend.sesion3.CalculadoraTest" time="0.0"/>
  <testcase name="multiplicando: 962" classname="org.bedu.java.backend.sesion3.CalculadoraTest" time="0.001"/>
  <testcase name="multiplicando: 963" classname="org.bedu.java.backend.sesion3.CalculadoraTest" time="0.0"/>
  <testcase name="multiplicando: 964" classname="org.bedu.java.backend.sesion3.CalculadoraTest" time="0.001"/>
  <testcase name="multiplicando: 965" classname="org.bedu.java.backend.sesion3.CalculadoraTest" time="0.0"/>
  <testcase name="multiplicando: 966" classname="org.bedu.java.backend.sesion3.CalculadoraTest" time="0.0"/>
  <testcase name="multiplicando: 967" classname="org.bedu.java.backend.sesion3.CalculadoraTest" time="0.0"/>
  <testcase name="multiplicando: 968" classname="org.bedu.java.backend.sesion3.CalculadoraTest" time="0.0"/>
  <testcase name="multiplicando: 969" classname="org.bedu.java.backend.sesion3.CalculadoraTest" time="0.001"/>
  <testcase name="multiplicando: 970" classname="org.bedu.java.backend.sesion3.CalculadoraTest" time="0.0"/>
  <testcase name="multiplicando: 971" classname="org.bedu.java.backend.sesion3.CalculadoraTest" time="0.001"/>
  <testcase name="multiplicando: 972" classname="org.bedu.java.backend.sesion3.CalculadoraTest" time="0.0"/>
  <testcase name="multiplicando: 973" classname="org.bedu.java.backend.sesion3.CalculadoraTest" time="0.0"/>
  <testcase name="multiplicando: 974" classname="org.bedu.java.backend.sesion3.CalculadoraTest" time="0.0"/>
  <testcase name="multiplicando: 975" classname="org.bedu.java.backend.sesion3.CalculadoraTest" time="0.001"/>
  <testcase name="multiplicando: 976" classname="org.bedu.java.backend.sesion3.CalculadoraTest" time="0.0"/>
  <testcase name="multiplicando: 977" classname="org.bedu.java.backend.sesion3.CalculadoraTest" time="0.0"/>
  <testcase name="multiplicando: 978" classname="org.bedu.java.backend.sesion3.CalculadoraTest" time="0.0"/>
  <testcase name="multiplicando: 979" classname="org.bedu.java.backend.sesion3.CalculadoraTest" time="0.0"/>
  <testcase name="multiplicando: 980" classname="org.bedu.java.backend.sesion3.CalculadoraTest" time="0.0"/>
  <testcase name="multiplicando: 981" classname="org.bedu.java.backend.sesion3.CalculadoraTest" time="0.001"/>
  <testcase name="multiplicando: 982" classname="org.bedu.java.backend.sesion3.CalculadoraTest" time="0.002"/>
  <testcase name="multiplicando: 983" classname="org.bedu.java.backend.sesion3.CalculadoraTest" time="0.001"/>
  <testcase name="multiplicando: 984" classname="org.bedu.java.backend.sesion3.CalculadoraTest" time="0.001"/>
  <testcase name="multiplicando: 985" classname="org.bedu.java.backend.sesion3.CalculadoraTest" time="0.001"/>
  <testcase name="multiplicando: 986" classname="org.bedu.java.backend.sesion3.CalculadoraTest" time="0.001"/>
  <testcase name="multiplicando: 987" classname="org.bedu.java.backend.sesion3.CalculadoraTest" time="0.001"/>
  <testcase name="multiplicando: 988" classname="org.bedu.java.backend.sesion3.CalculadoraTest" time="0.0"/>
  <testcase name="multiplicando: 989" classname="org.bedu.java.backend.sesion3.CalculadoraTest" time="0.0"/>
  <testcase name="multiplicando: 990" classname="org.bedu.java.backend.sesion3.CalculadoraTest" time="0.0"/>
  <testcase name="multiplicando: 991" classname="org.bedu.java.backend.sesion3.CalculadoraTest" time="0.0"/>
  <testcase name="multiplicando: 992" classname="org.bedu.java.backend.sesion3.CalculadoraTest" time="0.0"/>
  <testcase name="multiplicando: 993" classname="org.bedu.java.backend.sesion3.CalculadoraTest" time="0.0"/>
  <testcase name="multiplicando: 994" classname="org.bedu.java.backend.sesion3.CalculadoraTest" time="0.001"/>
  <testcase name="multiplicando: 995" classname="org.bedu.java.backend.sesion3.CalculadoraTest" time="0.0"/>
  <testcase name="multiplicando: 996" classname="org.bedu.java.backend.sesion3.CalculadoraTest" time="0.0"/>
  <testcase name="multiplicando: 997" classname="org.bedu.java.backend.sesion3.CalculadoraTest" time="0.001"/>
  <testcase name="multiplicando: 998" classname="org.bedu.java.backend.sesion3.CalculadoraTest" time="0.0"/>
  <testcase name="multiplicando: 999" classname="org.bedu.java.backend.sesion3.CalculadoraTest" time="0.003"/>
  <system-out><![CDATA[]]></system-out>
  <system-err><![CDATA[]]></system-err>
</testsuite>
